Removed Member From Class: ClassName=Esquematico Member=IC1
Removed Member From Class: ClassName=Esquematico Member=IC2
Added Component: Designator=CN1(TB508-02)
Add component (AddParameter): Name = "Manufacturer"; Value = ""; VariantName = "[No Variations]"
Add component (AddParameter): Name = "Part number"; Value = ""; VariantName = "[No Variations]"
Add component (AddParameter): Name = "Unit price"; Value = ""; VariantName = "[No Variations]"
Add component (AddParameter): Name = "Value"; Value = "TB508-02"; VariantName = "[No Variations]"
Added Component: Designator=CN2(TB508-02)
Add component (AddParameter): Name = "Manufacturer"; Value = ""; VariantName = "[No Variations]"
Add component (AddParameter): Name = "Part number"; Value = ""; VariantName = "[No Variations]"
Add component (AddParameter): Name = "Unit price"; Value = ""; VariantName = "[No Variations]"
Add component (AddParameter): Name = "Value"; Value = "TB508-02"; VariantName = "[No Variations]"
Added Pin To Net: NetName=GND Pin=C2-1
Added Pin To Net: NetName=GND Pin=CN1-2
Added Pin To Net: NetName=GND Pin=D1-1
Added Pin To Net: NetName=GND Pin=D2-1
Added Pin To Net: NetName=GND Pin=R2-1
Added Net: Name=GND
Added Pin To Net: NetName=NetC1_1 Pin=C1-1
Added Pin To Net: NetName=NetC1_1 Pin=C2-2
Added Pin To Net: NetName=NetC1_1 Pin=R3-1
Added Net: Name=NetC1_1
Added Pin To Net: NetName=NetC3_2 Pin=C3-2
Added Pin To Net: NetName=NetC3_2 Pin=R1-2
Added Pin To Net: NetName=NetC3_2 Pin=R3-2
Added Net: Name=NetC3_2
Added Pin To Net: NetName=PIN1 Pin=CN2-1
Added Pin To Net: NetName=PIN1 Pin=R1-1
Added Net: Name=PIN1
Added Pin To Net: NetName=PIN2 Pin=C1-2
Added Pin To Net: NetName=PIN2 Pin=CN2-2
Added Net: Name=PIN2
Added Pin To Net: NetName=VCC Pin=C3-1
Added Pin To Net: NetName=VCC Pin=CN1-1
Added Pin To Net: NetName=VCC Pin=D1-2
Added Pin To Net: NetName=VCC Pin=D2-2
Added Pin To Net: NetName=VCC Pin=R2-2
Added Net: Name=VCC
Added Member To Class: ClassName=Esquematico Member=Component C2 100nF
Added Member To Class: ClassName=Esquematico Member=Component C3 100nF
Added Member To Class: ClassName=Esquematico Member=Component CN1 TB508-02
Added Member To Class: ClassName=Esquematico Member=Component CN2 TB508-02
Added Member To Class: ClassName=Esquematico Member=Component D2 LED
Added Member To Class: ClassName=Esquematico Member=Component R3 1k0
