Added Component: Designator=C1(C1206)
Add component (AddParameter): Name = "Manufacturer"; Value = ""; VariantName = "[No Variations]"
Add component (AddParameter): Name = "Part number"; Value = ""; VariantName = "[No Variations]"
Add component (AddParameter): Name = "Unit price"; Value = ""; VariantName = "[No Variations]"
Add component (AddParameter): Name = "Value"; Value = "100nF"; VariantName = "[No Variations]"
Add component (AddParameter): Name = "Voltage"; Value = "25V"; VariantName = "[No Variations]"
Added Component: Designator=C2(C0805)
Add component (AddParameter): Name = "Manufacturer"; Value = ""; VariantName = "[No Variations]"
Add component (AddParameter): Name = "Part number"; Value = ""; VariantName = "[No Variations]"
Add component (AddParameter): Name = "Unit price"; Value = ""; VariantName = "[No Variations]"
Add component (AddParameter): Name = "Value"; Value = "100nF"; VariantName = "[No Variations]"
Add component (AddParameter): Name = "Voltage"; Value = "25V"; VariantName = "[No Variations]"
Added Component: Designator=C3(C0805)
Add component (AddParameter): Name = "Manufacturer"; Value = ""; VariantName = "[No Variations]"
Add component (AddParameter): Name = "Part number"; Value = ""; VariantName = "[No Variations]"
Add component (AddParameter): Name = "Unit price"; Value = ""; VariantName = "[No Variations]"
Add component (AddParameter): Name = "Value"; Value = "100nF"; VariantName = "[No Variations]"
Add component (AddParameter): Name = "Voltage"; Value = "25V"; VariantName = "[No Variations]"
Added Component: Designator=C4(C1206)
Add component (AddParameter): Name = "Manufacturer"; Value = ""; VariantName = "[No Variations]"
Add component (AddParameter): Name = "Part number"; Value = ""; VariantName = "[No Variations]"
Add component (AddParameter): Name = "Unit price"; Value = ""; VariantName = "[No Variations]"
Add component (AddParameter): Name = "Value"; Value = "100nF"; VariantName = "[No Variations]"
Add component (AddParameter): Name = "Voltage"; Value = "25V"; VariantName = "[No Variations]"
Added Component: Designator=C5(C1206)
Add component (AddParameter): Name = "Manufacturer"; Value = ""; VariantName = "[No Variations]"
Add component (AddParameter): Name = "Part number"; Value = ""; VariantName = "[No Variations]"
Add component (AddParameter): Name = "Unit price"; Value = ""; VariantName = "[No Variations]"
Add component (AddParameter): Name = "Value"; Value = "100nF"; VariantName = "[No Variations]"
Add component (AddParameter): Name = "Voltage"; Value = "25V"; VariantName = "[No Variations]"
Added Component: Designator=CN1(TB508-02)
Add component (AddParameter): Name = "Manufacturer"; Value = ""; VariantName = "[No Variations]"
Add component (AddParameter): Name = "Part number"; Value = ""; VariantName = "[No Variations]"
Add component (AddParameter): Name = "Unit price"; Value = ""; VariantName = "[No Variations]"
Add component (AddParameter): Name = "Value"; Value = "TB508-02"; VariantName = "[No Variations]"
Added Component: Designator=CN2(TB508-02)
Add component (AddParameter): Name = "Manufacturer"; Value = ""; VariantName = "[No Variations]"
Add component (AddParameter): Name = "Part number"; Value = ""; VariantName = "[No Variations]"
Add component (AddParameter): Name = "Unit price"; Value = ""; VariantName = "[No Variations]"
Add component (AddParameter): Name = "Value"; Value = "TB508-02"; VariantName = "[No Variations]"
Added Component: Designator=CN3(TB508-08)
Add component (AddParameter): Name = "Manufacturer"; Value = ""; VariantName = "[No Variations]"
Add component (AddParameter): Name = "Part number"; Value = ""; VariantName = "[No Variations]"
Add component (AddParameter): Name = "Unit price"; Value = ""; VariantName = "[No Variations]"
Add component (AddParameter): Name = "Value"; Value = "TB08"; VariantName = "[No Variations]"
Added Component: Designator=IC1(SOIC16-N)
Add component (AddParameter): Name = "Manufacturer"; Value = ""; VariantName = "[No Variations]"
Add component (AddParameter): Name = "Part number"; Value = ""; VariantName = "[No Variations]"
Add component (AddParameter): Name = "Unit price"; Value = ""; VariantName = "[No Variations]"
Add component (AddParameter): Name = "Value"; Value = "MAX232EIDR"; VariantName = "[No Variations]"
Added Pin To Net: NetName=GND Pin=C1-2
Added Pin To Net: NetName=GND Pin=C4-1
Added Pin To Net: NetName=GND Pin=C5-1
Added Pin To Net: NetName=GND Pin=CN1-2
Added Pin To Net: NetName=GND Pin=IC1-15
Added Net: Name=GND
Added Pin To Net: NetName=NetC2_1 Pin=C2-1
Added Pin To Net: NetName=NetC2_1 Pin=IC1-1
Added Net: Name=NetC2_1
Added Pin To Net: NetName=NetC2_2 Pin=C2-2
Added Pin To Net: NetName=NetC2_2 Pin=IC1-3
Added Net: Name=NetC2_2
Added Pin To Net: NetName=NetC3_1 Pin=C3-1
Added Pin To Net: NetName=NetC3_1 Pin=IC1-4
Added Net: Name=NetC3_1
Added Pin To Net: NetName=NetC3_2 Pin=C3-2
Added Pin To Net: NetName=NetC3_2 Pin=IC1-5
Added Net: Name=NetC3_2
Added Pin To Net: NetName=RIN1 Pin=CN3-4
Added Pin To Net: NetName=RIN1 Pin=IC1-8
Added Net: Name=RIN1
Added Pin To Net: NetName=RIN2 Pin=CN3-3
Added Pin To Net: NetName=RIN2 Pin=IC1-13
Added Net: Name=RIN2
Added Pin To Net: NetName=ROUT1 Pin=CN3-2
Added Pin To Net: NetName=ROUT1 Pin=IC1-7
Added Net: Name=ROUT1
Added Pin To Net: NetName=ROUT2 Pin=CN3-1
Added Pin To Net: NetName=ROUT2 Pin=IC1-14
Added Net: Name=ROUT2
Added Pin To Net: NetName=TIN1 Pin=CN3-6
Added Pin To Net: NetName=TIN1 Pin=IC1-10
Added Net: Name=TIN1
Added Pin To Net: NetName=TIN2 Pin=CN3-5
Added Pin To Net: NetName=TIN2 Pin=IC1-11
Added Net: Name=TIN2
Added Pin To Net: NetName=TOUT1 Pin=CN3-8
Added Pin To Net: NetName=TOUT1 Pin=IC1-9
Added Net: Name=TOUT1
Added Pin To Net: NetName=TOUT2 Pin=CN3-7
Added Pin To Net: NetName=TOUT2 Pin=IC1-12
Added Net: Name=TOUT2
Added Pin To Net: NetName=VCC Pin=C1-1
Added Pin To Net: NetName=VCC Pin=CN1-1
Added Pin To Net: NetName=VCC Pin=IC1-16
Added Net: Name=VCC
Added Pin To Net: NetName=VS+ Pin=C5-2
Added Pin To Net: NetName=VS+ Pin=CN2-1
Added Pin To Net: NetName=VS+ Pin=IC1-2
Added Net: Name=VS+
Added Pin To Net: NetName=VS- Pin=C4-2
Added Pin To Net: NetName=VS- Pin=CN2-2
Added Pin To Net: NetName=VS- Pin=IC1-6
Added Net: Name=VS-
Added Class: Name=Sheet1
