Removed Pin From Net: NetName=GND Pin=C5-2
Change Component Footprint: Designator=C5 Old Footprint=CAPC2012X140N New Footprint=C0805
Change Component Comment : Designator=C5 Old Comment=TAJR225M010R New Comment=100nF
Change component parameters: Designator = "C5" ("C5"); Footprint = "CAPC2012X140N"; UniqueID = "\RZJITNKJ" ("\RZJITNKJ")
Change component parameters (AddParameter): Name = "Manufacturer"; Value = ""; VariantName = "[No Variations]"
Change component parameters (AddParameter): Name = "Part number"; Value = ""; VariantName = "[No Variations]"
Change component parameters (AddParameter): Name = "Unit price"; Value = ""; VariantName = "[No Variations]"
Change component parameters (AddParameter): Name = "Value"; Value = "100nF"; VariantName = "[No Variations]"
Change component parameters (AddParameter): Name = "Voltage"; Value = "25V"; VariantName = "[No Variations]"
Added Component: Designator=C8(C0805)
Add component (AddParameter): Name = "Manufacturer"; Value = ""; VariantName = "[No Variations]"
Add component (AddParameter): Name = "Part number"; Value = ""; VariantName = "[No Variations]"
Add component (AddParameter): Name = "Unit price"; Value = ""; VariantName = "[No Variations]"
Add component (AddParameter): Name = "Value"; Value = "100nF"; VariantName = "[No Variations]"
Add component (AddParameter): Name = "Voltage"; Value = "25V"; VariantName = "[No Variations]"
Added Component: Designator=C9(C0805)
Add component (AddParameter): Name = "Manufacturer"; Value = ""; VariantName = "[No Variations]"
Add component (AddParameter): Name = "Part number"; Value = ""; VariantName = "[No Variations]"
Add component (AddParameter): Name = "Unit price"; Value = ""; VariantName = "[No Variations]"
Add component (AddParameter): Name = "Value"; Value = "100nF"; VariantName = "[No Variations]"
Add component (AddParameter): Name = "Voltage"; Value = "25V"; VariantName = "[No Variations]"
Added Component: Designator=C10(C0805)
Add component (AddParameter): Name = "Manufacturer"; Value = ""; VariantName = "[No Variations]"
Add component (AddParameter): Name = "Part number"; Value = ""; VariantName = "[No Variations]"
Add component (AddParameter): Name = "Unit price"; Value = ""; VariantName = "[No Variations]"
Add component (AddParameter): Name = "Value"; Value = "100nF"; VariantName = "[No Variations]"
Add component (AddParameter): Name = "Voltage"; Value = "25V"; VariantName = "[No Variations]"
Added Pin To Net: NetName=GND Pin=C5-1
Added Pin To Net: NetName=GND Pin=C8-1
Added Pin To Net: NetName=VCC Pin=C8-2
Added Pin To Net: NetName=GND Pin=C9-1
Added Pin To Net: NetName=VCC Pin=C9-2
Added Pin To Net: NetName=GND Pin=C10-1
Added Pin To Net: NetName=VCC Pin=C10-2
Added Pin To Net: NetName=NetC5_2 Pin=C5-2
Added Pin To Net: NetName=NetC5_2 Pin=J1-1
Added Pin To Net: NetName=NetC5_2 Pin=L1-1
Added Net: Name=NetC5_2
Added Member To Class: ClassName=Sheet2 Member=Component C1 100nF
Added Member To Class: ClassName=Sheet2 Member=Component C8 100nF
Added Member To Class: ClassName=Sheet2 Member=Component C9 47uF
Added Member To Class: ClassName=Sheet2 Member=Component C10 100nf
Added Member To Class: ClassName=Sheet2 Member=Component IC1 MAX485
Added Member To Class: ClassName=Sheet2 Member=Component R1 100k0
Added Member To Class: ClassName=Sheet2 Member=Component R2 120
Added Member To Class: ClassName=Sheet2 Member=Component R3 2K0
Added Member To Class: ClassName=Sheet2 Member=Component TVS1 SMDJ15A
