Added Component: Designator=D1_c16(LED-0805)
Add component (AddParameter): Name = "Manufacturer"; Value = ""; VariantName = "[No Variations]"
Add component (AddParameter): Name = "Part number"; Value = ""; VariantName = "[No Variations]"
Add component (AddParameter): Name = "Unit price"; Value = ""; VariantName = "[No Variations]"
Add component (AddParameter): Name = "Value"; Value = "LED"; VariantName = "[No Variations]"
Added Component: Designator=D1_c17(LED-0805)
Add component (AddParameter): Name = "Manufacturer"; Value = ""; VariantName = "[No Variations]"
Add component (AddParameter): Name = "Part number"; Value = ""; VariantName = "[No Variations]"
Add component (AddParameter): Name = "Unit price"; Value = ""; VariantName = "[No Variations]"
Add component (AddParameter): Name = "Value"; Value = "LED"; VariantName = "[No Variations]"
Added Component: Designator=D1_c18(LED-0805)
Add component (AddParameter): Name = "Manufacturer"; Value = ""; VariantName = "[No Variations]"
Add component (AddParameter): Name = "Part number"; Value = ""; VariantName = "[No Variations]"
Add component (AddParameter): Name = "Unit price"; Value = ""; VariantName = "[No Variations]"
Add component (AddParameter): Name = "Value"; Value = "LED"; VariantName = "[No Variations]"
Added Component: Designator=D1_c19(LED-0805)
Add component (AddParameter): Name = "Manufacturer"; Value = ""; VariantName = "[No Variations]"
Add component (AddParameter): Name = "Part number"; Value = ""; VariantName = "[No Variations]"
Add component (AddParameter): Name = "Unit price"; Value = ""; VariantName = "[No Variations]"
Add component (AddParameter): Name = "Value"; Value = "LED"; VariantName = "[No Variations]"
Added Component: Designator=D1_c110(LED-0805)
Add component (AddParameter): Name = "Manufacturer"; Value = ""; VariantName = "[No Variations]"
Add component (AddParameter): Name = "Part number"; Value = ""; VariantName = "[No Variations]"
Add component (AddParameter): Name = "Unit price"; Value = ""; VariantName = "[No Variations]"
Add component (AddParameter): Name = "Value"; Value = "LED"; VariantName = "[No Variations]"
Added Component: Designator=D1_c111(LED-0805)
Add component (AddParameter): Name = "Manufacturer"; Value = ""; VariantName = "[No Variations]"
Add component (AddParameter): Name = "Part number"; Value = ""; VariantName = "[No Variations]"
Add component (AddParameter): Name = "Unit price"; Value = ""; VariantName = "[No Variations]"
Add component (AddParameter): Name = "Value"; Value = "LED"; VariantName = "[No Variations]"
Added Component: Designator=D1_c112(LED-0805)
Add component (AddParameter): Name = "Manufacturer"; Value = ""; VariantName = "[No Variations]"
Add component (AddParameter): Name = "Part number"; Value = ""; VariantName = "[No Variations]"
Add component (AddParameter): Name = "Unit price"; Value = ""; VariantName = "[No Variations]"
Add component (AddParameter): Name = "Value"; Value = "LED"; VariantName = "[No Variations]"
Added Component: Designator=D1_c113(LED-0805)
Add component (AddParameter): Name = "Manufacturer"; Value = ""; VariantName = "[No Variations]"
Add component (AddParameter): Name = "Part number"; Value = ""; VariantName = "[No Variations]"
Add component (AddParameter): Name = "Unit price"; Value = ""; VariantName = "[No Variations]"
Add component (AddParameter): Name = "Value"; Value = "LED"; VariantName = "[No Variations]"
Added Component: Designator=D1_c114(LED-0805)
Add component (AddParameter): Name = "Manufacturer"; Value = ""; VariantName = "[No Variations]"
Add component (AddParameter): Name = "Part number"; Value = ""; VariantName = "[No Variations]"
Add component (AddParameter): Name = "Unit price"; Value = ""; VariantName = "[No Variations]"
Add component (AddParameter): Name = "Value"; Value = "LED"; VariantName = "[No Variations]"
Added Component: Designator=D1_c115(LED-0805)
Add component (AddParameter): Name = "Manufacturer"; Value = ""; VariantName = "[No Variations]"
Add component (AddParameter): Name = "Part number"; Value = ""; VariantName = "[No Variations]"
Add component (AddParameter): Name = "Unit price"; Value = ""; VariantName = "[No Variations]"
Add component (AddParameter): Name = "Value"; Value = "LED"; VariantName = "[No Variations]"
Added Component: Designator=D1_c116(LED-0805)
Add component (AddParameter): Name = "Manufacturer"; Value = ""; VariantName = "[No Variations]"
Add component (AddParameter): Name = "Part number"; Value = ""; VariantName = "[No Variations]"
Add component (AddParameter): Name = "Unit price"; Value = ""; VariantName = "[No Variations]"
Add component (AddParameter): Name = "Value"; Value = "LED"; VariantName = "[No Variations]"
Added Component: Designator=D1_c117(LED-0805)
Add component (AddParameter): Name = "Manufacturer"; Value = ""; VariantName = "[No Variations]"
Add component (AddParameter): Name = "Part number"; Value = ""; VariantName = "[No Variations]"
Add component (AddParameter): Name = "Unit price"; Value = ""; VariantName = "[No Variations]"
Add component (AddParameter): Name = "Value"; Value = "LED"; VariantName = "[No Variations]"
Added Component: Designator=D1_c118(LED-0805)
Add component (AddParameter): Name = "Manufacturer"; Value = ""; VariantName = "[No Variations]"
Add component (AddParameter): Name = "Part number"; Value = ""; VariantName = "[No Variations]"
Add component (AddParameter): Name = "Unit price"; Value = ""; VariantName = "[No Variations]"
Add component (AddParameter): Name = "Value"; Value = "LED"; VariantName = "[No Variations]"
Added Component: Designator=D1_c119(LED-0805)
Add component (AddParameter): Name = "Manufacturer"; Value = ""; VariantName = "[No Variations]"
Add component (AddParameter): Name = "Part number"; Value = ""; VariantName = "[No Variations]"
Add component (AddParameter): Name = "Unit price"; Value = ""; VariantName = "[No Variations]"
Add component (AddParameter): Name = "Value"; Value = "LED"; VariantName = "[No Variations]"
Added Component: Designator=D1_c120(LED-0805)
Add component (AddParameter): Name = "Manufacturer"; Value = ""; VariantName = "[No Variations]"
Add component (AddParameter): Name = "Part number"; Value = ""; VariantName = "[No Variations]"
Add component (AddParameter): Name = "Unit price"; Value = ""; VariantName = "[No Variations]"
Add component (AddParameter): Name = "Value"; Value = "LED"; VariantName = "[No Variations]"
Added Component: Designator=D1_c121(LED-0805)
Add component (AddParameter): Name = "Manufacturer"; Value = ""; VariantName = "[No Variations]"
Add component (AddParameter): Name = "Part number"; Value = ""; VariantName = "[No Variations]"
Add component (AddParameter): Name = "Unit price"; Value = ""; VariantName = "[No Variations]"
Add component (AddParameter): Name = "Value"; Value = "LED"; VariantName = "[No Variations]"
Added Component: Designator=D1_c122(LED-0805)
Add component (AddParameter): Name = "Manufacturer"; Value = ""; VariantName = "[No Variations]"
Add component (AddParameter): Name = "Part number"; Value = ""; VariantName = "[No Variations]"
Add component (AddParameter): Name = "Unit price"; Value = ""; VariantName = "[No Variations]"
Add component (AddParameter): Name = "Value"; Value = "LED"; VariantName = "[No Variations]"
Added Component: Designator=D1_c123(LED-0805)
Add component (AddParameter): Name = "Manufacturer"; Value = ""; VariantName = "[No Variations]"
Add component (AddParameter): Name = "Part number"; Value = ""; VariantName = "[No Variations]"
Add component (AddParameter): Name = "Unit price"; Value = ""; VariantName = "[No Variations]"
Add component (AddParameter): Name = "Value"; Value = "LED"; VariantName = "[No Variations]"
Added Component: Designator=D1_c124(LED-0805)
Add component (AddParameter): Name = "Manufacturer"; Value = ""; VariantName = "[No Variations]"
Add component (AddParameter): Name = "Part number"; Value = ""; VariantName = "[No Variations]"
Add component (AddParameter): Name = "Unit price"; Value = ""; VariantName = "[No Variations]"
Add component (AddParameter): Name = "Value"; Value = "LED"; VariantName = "[No Variations]"
Added Component: Designator=D1_c125(LED-0805)
Add component (AddParameter): Name = "Manufacturer"; Value = ""; VariantName = "[No Variations]"
Add component (AddParameter): Name = "Part number"; Value = ""; VariantName = "[No Variations]"
Add component (AddParameter): Name = "Unit price"; Value = ""; VariantName = "[No Variations]"
Add component (AddParameter): Name = "Value"; Value = "LED"; VariantName = "[No Variations]"
Added Component: Designator=D1_c126(LED-0805)
Add component (AddParameter): Name = "Manufacturer"; Value = ""; VariantName = "[No Variations]"
Add component (AddParameter): Name = "Part number"; Value = ""; VariantName = "[No Variations]"
Add component (AddParameter): Name = "Unit price"; Value = ""; VariantName = "[No Variations]"
Add component (AddParameter): Name = "Value"; Value = "LED"; VariantName = "[No Variations]"
Added Component: Designator=D1_c127(LED-0805)
Add component (AddParameter): Name = "Manufacturer"; Value = ""; VariantName = "[No Variations]"
Add component (AddParameter): Name = "Part number"; Value = ""; VariantName = "[No Variations]"
Add component (AddParameter): Name = "Unit price"; Value = ""; VariantName = "[No Variations]"
Add component (AddParameter): Name = "Value"; Value = "LED"; VariantName = "[No Variations]"
Added Component: Designator=D1_c128(LED-0805)
Add component (AddParameter): Name = "Manufacturer"; Value = ""; VariantName = "[No Variations]"
Add component (AddParameter): Name = "Part number"; Value = ""; VariantName = "[No Variations]"
Add component (AddParameter): Name = "Unit price"; Value = ""; VariantName = "[No Variations]"
Add component (AddParameter): Name = "Value"; Value = "LED"; VariantName = "[No Variations]"
Added Component: Designator=D1_c129(LED-0805)
Add component (AddParameter): Name = "Manufacturer"; Value = ""; VariantName = "[No Variations]"
Add component (AddParameter): Name = "Part number"; Value = ""; VariantName = "[No Variations]"
Add component (AddParameter): Name = "Unit price"; Value = ""; VariantName = "[No Variations]"
Add component (AddParameter): Name = "Value"; Value = "LED"; VariantName = "[No Variations]"
Added Component: Designator=D1_c130(LED-0805)
Add component (AddParameter): Name = "Manufacturer"; Value = ""; VariantName = "[No Variations]"
Add component (AddParameter): Name = "Part number"; Value = ""; VariantName = "[No Variations]"
Add component (AddParameter): Name = "Unit price"; Value = ""; VariantName = "[No Variations]"
Add component (AddParameter): Name = "Value"; Value = "LED"; VariantName = "[No Variations]"
Added Component: Designator=D1_c131(LED-0805)
Add component (AddParameter): Name = "Manufacturer"; Value = ""; VariantName = "[No Variations]"
Add component (AddParameter): Name = "Part number"; Value = ""; VariantName = "[No Variations]"
Add component (AddParameter): Name = "Unit price"; Value = ""; VariantName = "[No Variations]"
Add component (AddParameter): Name = "Value"; Value = "LED"; VariantName = "[No Variations]"
Added Component: Designator=D1_c132(LED-0805)
Add component (AddParameter): Name = "Manufacturer"; Value = ""; VariantName = "[No Variations]"
Add component (AddParameter): Name = "Part number"; Value = ""; VariantName = "[No Variations]"
Add component (AddParameter): Name = "Unit price"; Value = ""; VariantName = "[No Variations]"
Add component (AddParameter): Name = "Value"; Value = "LED"; VariantName = "[No Variations]"
Added Component: Designator=D1_c133(LED-0805)
Add component (AddParameter): Name = "Manufacturer"; Value = ""; VariantName = "[No Variations]"
Add component (AddParameter): Name = "Part number"; Value = ""; VariantName = "[No Variations]"
Add component (AddParameter): Name = "Unit price"; Value = ""; VariantName = "[No Variations]"
Add component (AddParameter): Name = "Value"; Value = "LED"; VariantName = "[No Variations]"
Added Component: Designator=D1_c134(LED-0805)
Add component (AddParameter): Name = "Manufacturer"; Value = ""; VariantName = "[No Variations]"
Add component (AddParameter): Name = "Part number"; Value = ""; VariantName = "[No Variations]"
Add component (AddParameter): Name = "Unit price"; Value = ""; VariantName = "[No Variations]"
Add component (AddParameter): Name = "Value"; Value = "LED"; VariantName = "[No Variations]"
Added Component: Designator=D1_c135(LED-0805)
Add component (AddParameter): Name = "Manufacturer"; Value = ""; VariantName = "[No Variations]"
Add component (AddParameter): Name = "Part number"; Value = ""; VariantName = "[No Variations]"
Add component (AddParameter): Name = "Unit price"; Value = ""; VariantName = "[No Variations]"
Add component (AddParameter): Name = "Value"; Value = "LED"; VariantName = "[No Variations]"
Added Component: Designator=D1_c136(LED-0805)
Add component (AddParameter): Name = "Manufacturer"; Value = ""; VariantName = "[No Variations]"
Add component (AddParameter): Name = "Part number"; Value = ""; VariantName = "[No Variations]"
Add component (AddParameter): Name = "Unit price"; Value = ""; VariantName = "[No Variations]"
Add component (AddParameter): Name = "Value"; Value = "LED"; VariantName = "[No Variations]"
Added Component: Designator=D1_c137(LED-0805)
Add component (AddParameter): Name = "Manufacturer"; Value = ""; VariantName = "[No Variations]"
Add component (AddParameter): Name = "Part number"; Value = ""; VariantName = "[No Variations]"
Add component (AddParameter): Name = "Unit price"; Value = ""; VariantName = "[No Variations]"
Add component (AddParameter): Name = "Value"; Value = "LED"; VariantName = "[No Variations]"
Added Component: Designator=D1_c138(LED-0805)
Add component (AddParameter): Name = "Manufacturer"; Value = ""; VariantName = "[No Variations]"
Add component (AddParameter): Name = "Part number"; Value = ""; VariantName = "[No Variations]"
Add component (AddParameter): Name = "Unit price"; Value = ""; VariantName = "[No Variations]"
Add component (AddParameter): Name = "Value"; Value = "LED"; VariantName = "[No Variations]"
Added Component: Designator=D1_c139(LED-0805)
Add component (AddParameter): Name = "Manufacturer"; Value = ""; VariantName = "[No Variations]"
Add component (AddParameter): Name = "Part number"; Value = ""; VariantName = "[No Variations]"
Add component (AddParameter): Name = "Unit price"; Value = ""; VariantName = "[No Variations]"
Add component (AddParameter): Name = "Value"; Value = "LED"; VariantName = "[No Variations]"
Added Component: Designator=D1_c140(LED-0805)
Add component (AddParameter): Name = "Manufacturer"; Value = ""; VariantName = "[No Variations]"
Add component (AddParameter): Name = "Part number"; Value = ""; VariantName = "[No Variations]"
Add component (AddParameter): Name = "Unit price"; Value = ""; VariantName = "[No Variations]"
Add component (AddParameter): Name = "Value"; Value = "LED"; VariantName = "[No Variations]"
Added Component: Designator=D1_c141(LED-0805)
Add component (AddParameter): Name = "Manufacturer"; Value = ""; VariantName = "[No Variations]"
Add component (AddParameter): Name = "Part number"; Value = ""; VariantName = "[No Variations]"
Add component (AddParameter): Name = "Unit price"; Value = ""; VariantName = "[No Variations]"
Add component (AddParameter): Name = "Value"; Value = "LED"; VariantName = "[No Variations]"
Added Component: Designator=D1_c142(LED-0805)
Add component (AddParameter): Name = "Manufacturer"; Value = ""; VariantName = "[No Variations]"
Add component (AddParameter): Name = "Part number"; Value = ""; VariantName = "[No Variations]"
Add component (AddParameter): Name = "Unit price"; Value = ""; VariantName = "[No Variations]"
Add component (AddParameter): Name = "Value"; Value = "LED"; VariantName = "[No Variations]"
Added Component: Designator=D1_c143(LED-0805)
Add component (AddParameter): Name = "Manufacturer"; Value = ""; VariantName = "[No Variations]"
Add component (AddParameter): Name = "Part number"; Value = ""; VariantName = "[No Variations]"
Add component (AddParameter): Name = "Unit price"; Value = ""; VariantName = "[No Variations]"
Add component (AddParameter): Name = "Value"; Value = "LED"; VariantName = "[No Variations]"
Added Component: Designator=D1_c144(LED-0805)
Add component (AddParameter): Name = "Manufacturer"; Value = ""; VariantName = "[No Variations]"
Add component (AddParameter): Name = "Part number"; Value = ""; VariantName = "[No Variations]"
Add component (AddParameter): Name = "Unit price"; Value = ""; VariantName = "[No Variations]"
Add component (AddParameter): Name = "Value"; Value = "LED"; VariantName = "[No Variations]"
Added Component: Designator=D1_c145(LED-0805)
Add component (AddParameter): Name = "Manufacturer"; Value = ""; VariantName = "[No Variations]"
Add component (AddParameter): Name = "Part number"; Value = ""; VariantName = "[No Variations]"
Add component (AddParameter): Name = "Unit price"; Value = ""; VariantName = "[No Variations]"
Add component (AddParameter): Name = "Value"; Value = "LED"; VariantName = "[No Variations]"
Added Component: Designator=D1_c146(LED-0805)
Add component (AddParameter): Name = "Manufacturer"; Value = ""; VariantName = "[No Variations]"
Add component (AddParameter): Name = "Part number"; Value = ""; VariantName = "[No Variations]"
Add component (AddParameter): Name = "Unit price"; Value = ""; VariantName = "[No Variations]"
Add component (AddParameter): Name = "Value"; Value = "LED"; VariantName = "[No Variations]"
Added Component: Designator=D1_c147(LED-0805)
Add component (AddParameter): Name = "Manufacturer"; Value = ""; VariantName = "[No Variations]"
Add component (AddParameter): Name = "Part number"; Value = ""; VariantName = "[No Variations]"
Add component (AddParameter): Name = "Unit price"; Value = ""; VariantName = "[No Variations]"
Add component (AddParameter): Name = "Value"; Value = "LED"; VariantName = "[No Variations]"
Added Component: Designator=D1_c148(LED-0805)
Add component (AddParameter): Name = "Manufacturer"; Value = ""; VariantName = "[No Variations]"
Add component (AddParameter): Name = "Part number"; Value = ""; VariantName = "[No Variations]"
Add component (AddParameter): Name = "Unit price"; Value = ""; VariantName = "[No Variations]"
Add component (AddParameter): Name = "Value"; Value = "LED"; VariantName = "[No Variations]"
Added Component: Designator=D1_c149(LED-0805)
Add component (AddParameter): Name = "Manufacturer"; Value = ""; VariantName = "[No Variations]"
Add component (AddParameter): Name = "Part number"; Value = ""; VariantName = "[No Variations]"
Add component (AddParameter): Name = "Unit price"; Value = ""; VariantName = "[No Variations]"
Add component (AddParameter): Name = "Value"; Value = "LED"; VariantName = "[No Variations]"
Added Component: Designator=D1_c150(LED-0805)
Add component (AddParameter): Name = "Manufacturer"; Value = ""; VariantName = "[No Variations]"
Add component (AddParameter): Name = "Part number"; Value = ""; VariantName = "[No Variations]"
Add component (AddParameter): Name = "Unit price"; Value = ""; VariantName = "[No Variations]"
Add component (AddParameter): Name = "Value"; Value = "LED"; VariantName = "[No Variations]"
Added Component: Designator=D1_c151(LED-0805)
Add component (AddParameter): Name = "Manufacturer"; Value = ""; VariantName = "[No Variations]"
Add component (AddParameter): Name = "Part number"; Value = ""; VariantName = "[No Variations]"
Add component (AddParameter): Name = "Unit price"; Value = ""; VariantName = "[No Variations]"
Add component (AddParameter): Name = "Value"; Value = "LED"; VariantName = "[No Variations]"
Added Component: Designator=D1_c152(LED-0805)
Add component (AddParameter): Name = "Manufacturer"; Value = ""; VariantName = "[No Variations]"
Add component (AddParameter): Name = "Part number"; Value = ""; VariantName = "[No Variations]"
Add component (AddParameter): Name = "Unit price"; Value = ""; VariantName = "[No Variations]"
Add component (AddParameter): Name = "Value"; Value = "LED"; VariantName = "[No Variations]"
Added Component: Designator=D1_c153(LED-0805)
Add component (AddParameter): Name = "Manufacturer"; Value = ""; VariantName = "[No Variations]"
Add component (AddParameter): Name = "Part number"; Value = ""; VariantName = "[No Variations]"
Add component (AddParameter): Name = "Unit price"; Value = ""; VariantName = "[No Variations]"
Add component (AddParameter): Name = "Value"; Value = "LED"; VariantName = "[No Variations]"
Added Component: Designator=D1_c154(LED-0805)
Add component (AddParameter): Name = "Manufacturer"; Value = ""; VariantName = "[No Variations]"
Add component (AddParameter): Name = "Part number"; Value = ""; VariantName = "[No Variations]"
Add component (AddParameter): Name = "Unit price"; Value = ""; VariantName = "[No Variations]"
Add component (AddParameter): Name = "Value"; Value = "LED"; VariantName = "[No Variations]"
Added Component: Designator=D1_c155(LED-0805)
Add component (AddParameter): Name = "Manufacturer"; Value = ""; VariantName = "[No Variations]"
Add component (AddParameter): Name = "Part number"; Value = ""; VariantName = "[No Variations]"
Add component (AddParameter): Name = "Unit price"; Value = ""; VariantName = "[No Variations]"
Add component (AddParameter): Name = "Value"; Value = "LED"; VariantName = "[No Variations]"
Added Component: Designator=D1_c156(LED-0805)
Add component (AddParameter): Name = "Manufacturer"; Value = ""; VariantName = "[No Variations]"
Add component (AddParameter): Name = "Part number"; Value = ""; VariantName = "[No Variations]"
Add component (AddParameter): Name = "Unit price"; Value = ""; VariantName = "[No Variations]"
Add component (AddParameter): Name = "Value"; Value = "LED"; VariantName = "[No Variations]"
Added Component: Designator=D1_c157(LED-0805)
Add component (AddParameter): Name = "Manufacturer"; Value = ""; VariantName = "[No Variations]"
Add component (AddParameter): Name = "Part number"; Value = ""; VariantName = "[No Variations]"
Add component (AddParameter): Name = "Unit price"; Value = ""; VariantName = "[No Variations]"
Add component (AddParameter): Name = "Value"; Value = "LED"; VariantName = "[No Variations]"
Added Component: Designator=D1_c158(LED-0805)
Add component (AddParameter): Name = "Manufacturer"; Value = ""; VariantName = "[No Variations]"
Add component (AddParameter): Name = "Part number"; Value = ""; VariantName = "[No Variations]"
Add component (AddParameter): Name = "Unit price"; Value = ""; VariantName = "[No Variations]"
Add component (AddParameter): Name = "Value"; Value = "LED"; VariantName = "[No Variations]"
Added Component: Designator=D1_c159(LED-0805)
Add component (AddParameter): Name = "Manufacturer"; Value = ""; VariantName = "[No Variations]"
Add component (AddParameter): Name = "Part number"; Value = ""; VariantName = "[No Variations]"
Add component (AddParameter): Name = "Unit price"; Value = ""; VariantName = "[No Variations]"
Add component (AddParameter): Name = "Value"; Value = "LED"; VariantName = "[No Variations]"
Added Component: Designator=D1_c160(LED-0805)
Add component (AddParameter): Name = "Manufacturer"; Value = ""; VariantName = "[No Variations]"
Add component (AddParameter): Name = "Part number"; Value = ""; VariantName = "[No Variations]"
Add component (AddParameter): Name = "Unit price"; Value = ""; VariantName = "[No Variations]"
Add component (AddParameter): Name = "Value"; Value = "LED"; VariantName = "[No Variations]"
Added Component: Designator=D1_c161(LED-0805)
Add component (AddParameter): Name = "Manufacturer"; Value = ""; VariantName = "[No Variations]"
Add component (AddParameter): Name = "Part number"; Value = ""; VariantName = "[No Variations]"
Add component (AddParameter): Name = "Unit price"; Value = ""; VariantName = "[No Variations]"
Add component (AddParameter): Name = "Value"; Value = "LED"; VariantName = "[No Variations]"
Added Component: Designator=D1_c162(LED-0805)
Add component (AddParameter): Name = "Manufacturer"; Value = ""; VariantName = "[No Variations]"
Add component (AddParameter): Name = "Part number"; Value = ""; VariantName = "[No Variations]"
Add component (AddParameter): Name = "Unit price"; Value = ""; VariantName = "[No Variations]"
Add component (AddParameter): Name = "Value"; Value = "LED"; VariantName = "[No Variations]"
Added Component: Designator=D1_c163(LED-0805)
Add component (AddParameter): Name = "Manufacturer"; Value = ""; VariantName = "[No Variations]"
Add component (AddParameter): Name = "Part number"; Value = ""; VariantName = "[No Variations]"
Add component (AddParameter): Name = "Unit price"; Value = ""; VariantName = "[No Variations]"
Add component (AddParameter): Name = "Value"; Value = "LED"; VariantName = "[No Variations]"
Added Component: Designator=D1_c164(LED-0805)
Add component (AddParameter): Name = "Manufacturer"; Value = ""; VariantName = "[No Variations]"
Add component (AddParameter): Name = "Part number"; Value = ""; VariantName = "[No Variations]"
Add component (AddParameter): Name = "Unit price"; Value = ""; VariantName = "[No Variations]"
Add component (AddParameter): Name = "Value"; Value = "LED"; VariantName = "[No Variations]"
Added Component: Designator=D1_c165(LED-0805)
Add component (AddParameter): Name = "Manufacturer"; Value = ""; VariantName = "[No Variations]"
Add component (AddParameter): Name = "Part number"; Value = ""; VariantName = "[No Variations]"
Add component (AddParameter): Name = "Unit price"; Value = ""; VariantName = "[No Variations]"
Add component (AddParameter): Name = "Value"; Value = "LED"; VariantName = "[No Variations]"
Added Component: Designator=D1_c166(LED-0805)
Add component (AddParameter): Name = "Manufacturer"; Value = ""; VariantName = "[No Variations]"
Add component (AddParameter): Name = "Part number"; Value = ""; VariantName = "[No Variations]"
Add component (AddParameter): Name = "Unit price"; Value = ""; VariantName = "[No Variations]"
Add component (AddParameter): Name = "Value"; Value = "LED"; VariantName = "[No Variations]"
Added Component: Designator=D1_c167(LED-0805)
Add component (AddParameter): Name = "Manufacturer"; Value = ""; VariantName = "[No Variations]"
Add component (AddParameter): Name = "Part number"; Value = ""; VariantName = "[No Variations]"
Add component (AddParameter): Name = "Unit price"; Value = ""; VariantName = "[No Variations]"
Add component (AddParameter): Name = "Value"; Value = "LED"; VariantName = "[No Variations]"
Added Component: Designator=D1_c168(LED-0805)
Add component (AddParameter): Name = "Manufacturer"; Value = ""; VariantName = "[No Variations]"
Add component (AddParameter): Name = "Part number"; Value = ""; VariantName = "[No Variations]"
Add component (AddParameter): Name = "Unit price"; Value = ""; VariantName = "[No Variations]"
Add component (AddParameter): Name = "Value"; Value = "LED"; VariantName = "[No Variations]"
Added Component: Designator=D1_c169(LED-0805)
Add component (AddParameter): Name = "Manufacturer"; Value = ""; VariantName = "[No Variations]"
Add component (AddParameter): Name = "Part number"; Value = ""; VariantName = "[No Variations]"
Add component (AddParameter): Name = "Unit price"; Value = ""; VariantName = "[No Variations]"
Add component (AddParameter): Name = "Value"; Value = "LED"; VariantName = "[No Variations]"
Added Component: Designator=D1_c170(LED-0805)
Add component (AddParameter): Name = "Manufacturer"; Value = ""; VariantName = "[No Variations]"
Add component (AddParameter): Name = "Part number"; Value = ""; VariantName = "[No Variations]"
Add component (AddParameter): Name = "Unit price"; Value = ""; VariantName = "[No Variations]"
Add component (AddParameter): Name = "Value"; Value = "LED"; VariantName = "[No Variations]"
Added Component: Designator=D1_c171(LED-0805)
Add component (AddParameter): Name = "Manufacturer"; Value = ""; VariantName = "[No Variations]"
Add component (AddParameter): Name = "Part number"; Value = ""; VariantName = "[No Variations]"
Add component (AddParameter): Name = "Unit price"; Value = ""; VariantName = "[No Variations]"
Add component (AddParameter): Name = "Value"; Value = "LED"; VariantName = "[No Variations]"
Added Component: Designator=D1_c172(LED-0805)
Add component (AddParameter): Name = "Manufacturer"; Value = ""; VariantName = "[No Variations]"
Add component (AddParameter): Name = "Part number"; Value = ""; VariantName = "[No Variations]"
Add component (AddParameter): Name = "Unit price"; Value = ""; VariantName = "[No Variations]"
Add component (AddParameter): Name = "Value"; Value = "LED"; VariantName = "[No Variations]"
Added Component: Designator=D1_c173(LED-0805)
Add component (AddParameter): Name = "Manufacturer"; Value = ""; VariantName = "[No Variations]"
Add component (AddParameter): Name = "Part number"; Value = ""; VariantName = "[No Variations]"
Add component (AddParameter): Name = "Unit price"; Value = ""; VariantName = "[No Variations]"
Add component (AddParameter): Name = "Value"; Value = "LED"; VariantName = "[No Variations]"
Added Component: Designator=D1_c174(LED-0805)
Add component (AddParameter): Name = "Manufacturer"; Value = ""; VariantName = "[No Variations]"
Add component (AddParameter): Name = "Part number"; Value = ""; VariantName = "[No Variations]"
Add component (AddParameter): Name = "Unit price"; Value = ""; VariantName = "[No Variations]"
Add component (AddParameter): Name = "Value"; Value = "LED"; VariantName = "[No Variations]"
Added Component: Designator=D1_c175(LED-0805)
Add component (AddParameter): Name = "Manufacturer"; Value = ""; VariantName = "[No Variations]"
Add component (AddParameter): Name = "Part number"; Value = ""; VariantName = "[No Variations]"
Add component (AddParameter): Name = "Unit price"; Value = ""; VariantName = "[No Variations]"
Add component (AddParameter): Name = "Value"; Value = "LED"; VariantName = "[No Variations]"
Added Component: Designator=D1_c176(LED-0805)
Add component (AddParameter): Name = "Manufacturer"; Value = ""; VariantName = "[No Variations]"
Add component (AddParameter): Name = "Part number"; Value = ""; VariantName = "[No Variations]"
Add component (AddParameter): Name = "Unit price"; Value = ""; VariantName = "[No Variations]"
Add component (AddParameter): Name = "Value"; Value = "LED"; VariantName = "[No Variations]"
Added Component: Designator=D1_c177(LED-0805)
Add component (AddParameter): Name = "Manufacturer"; Value = ""; VariantName = "[No Variations]"
Add component (AddParameter): Name = "Part number"; Value = ""; VariantName = "[No Variations]"
Add component (AddParameter): Name = "Unit price"; Value = ""; VariantName = "[No Variations]"
Add component (AddParameter): Name = "Value"; Value = "LED"; VariantName = "[No Variations]"
Added Component: Designator=D1_c178(LED-0805)
Add component (AddParameter): Name = "Manufacturer"; Value = ""; VariantName = "[No Variations]"
Add component (AddParameter): Name = "Part number"; Value = ""; VariantName = "[No Variations]"
Add component (AddParameter): Name = "Unit price"; Value = ""; VariantName = "[No Variations]"
Add component (AddParameter): Name = "Value"; Value = "LED"; VariantName = "[No Variations]"
Added Component: Designator=D1_c179(LED-0805)
Add component (AddParameter): Name = "Manufacturer"; Value = ""; VariantName = "[No Variations]"
Add component (AddParameter): Name = "Part number"; Value = ""; VariantName = "[No Variations]"
Add component (AddParameter): Name = "Unit price"; Value = ""; VariantName = "[No Variations]"
Add component (AddParameter): Name = "Value"; Value = "LED"; VariantName = "[No Variations]"
Added Component: Designator=D1_c180(LED-0805)
Add component (AddParameter): Name = "Manufacturer"; Value = ""; VariantName = "[No Variations]"
Add component (AddParameter): Name = "Part number"; Value = ""; VariantName = "[No Variations]"
Add component (AddParameter): Name = "Unit price"; Value = ""; VariantName = "[No Variations]"
Add component (AddParameter): Name = "Value"; Value = "LED"; VariantName = "[No Variations]"
Added Component: Designator=R1_c16(R2512)
Add component (AddParameter): Name = "Manufacturer"; Value = ""; VariantName = "[No Variations]"
Add component (AddParameter): Name = "Part number"; Value = ""; VariantName = "[No Variations]"
Add component (AddParameter): Name = "Power"; Value = "0.125W"; VariantName = "[No Variations]"
Add component (AddParameter): Name = "Unit price"; Value = "0.1"; VariantName = "[No Variations]"
Add component (AddParameter): Name = "Value"; Value = "1k0"; VariantName = "[No Variations]"
Added Component: Designator=R1_c17(R2512)
Add component (AddParameter): Name = "Manufacturer"; Value = ""; VariantName = "[No Variations]"
Add component (AddParameter): Name = "Part number"; Value = ""; VariantName = "[No Variations]"
Add component (AddParameter): Name = "Power"; Value = "0.125W"; VariantName = "[No Variations]"
Add component (AddParameter): Name = "Unit price"; Value = "0.1"; VariantName = "[No Variations]"
Add component (AddParameter): Name = "Value"; Value = "1k0"; VariantName = "[No Variations]"
Added Component: Designator=R1_c18(R2512)
Add component (AddParameter): Name = "Manufacturer"; Value = ""; VariantName = "[No Variations]"
Add component (AddParameter): Name = "Part number"; Value = ""; VariantName = "[No Variations]"
Add component (AddParameter): Name = "Power"; Value = "0.125W"; VariantName = "[No Variations]"
Add component (AddParameter): Name = "Unit price"; Value = "0.1"; VariantName = "[No Variations]"
Add component (AddParameter): Name = "Value"; Value = "1k0"; VariantName = "[No Variations]"
Added Component: Designator=R1_c19(R2512)
Add component (AddParameter): Name = "Manufacturer"; Value = ""; VariantName = "[No Variations]"
Add component (AddParameter): Name = "Part number"; Value = ""; VariantName = "[No Variations]"
Add component (AddParameter): Name = "Power"; Value = "0.125W"; VariantName = "[No Variations]"
Add component (AddParameter): Name = "Unit price"; Value = "0.1"; VariantName = "[No Variations]"
Add component (AddParameter): Name = "Value"; Value = "1k0"; VariantName = "[No Variations]"
Added Component: Designator=R1_c110(R2512)
Add component (AddParameter): Name = "Manufacturer"; Value = ""; VariantName = "[No Variations]"
Add component (AddParameter): Name = "Part number"; Value = ""; VariantName = "[No Variations]"
Add component (AddParameter): Name = "Power"; Value = "0.125W"; VariantName = "[No Variations]"
Add component (AddParameter): Name = "Unit price"; Value = "0.1"; VariantName = "[No Variations]"
Add component (AddParameter): Name = "Value"; Value = "1k0"; VariantName = "[No Variations]"
Added Component: Designator=R1_c111(R2512)
Add component (AddParameter): Name = "Manufacturer"; Value = ""; VariantName = "[No Variations]"
Add component (AddParameter): Name = "Part number"; Value = ""; VariantName = "[No Variations]"
Add component (AddParameter): Name = "Power"; Value = "0.125W"; VariantName = "[No Variations]"
Add component (AddParameter): Name = "Unit price"; Value = "0.1"; VariantName = "[No Variations]"
Add component (AddParameter): Name = "Value"; Value = "1k0"; VariantName = "[No Variations]"
Added Component: Designator=R1_c112(R2512)
Add component (AddParameter): Name = "Manufacturer"; Value = ""; VariantName = "[No Variations]"
Add component (AddParameter): Name = "Part number"; Value = ""; VariantName = "[No Variations]"
Add component (AddParameter): Name = "Power"; Value = "0.125W"; VariantName = "[No Variations]"
Add component (AddParameter): Name = "Unit price"; Value = "0.1"; VariantName = "[No Variations]"
Add component (AddParameter): Name = "Value"; Value = "1k0"; VariantName = "[No Variations]"
Added Component: Designator=R1_c113(R2512)
Add component (AddParameter): Name = "Manufacturer"; Value = ""; VariantName = "[No Variations]"
Add component (AddParameter): Name = "Part number"; Value = ""; VariantName = "[No Variations]"
Add component (AddParameter): Name = "Power"; Value = "0.125W"; VariantName = "[No Variations]"
Add component (AddParameter): Name = "Unit price"; Value = "0.1"; VariantName = "[No Variations]"
Add component (AddParameter): Name = "Value"; Value = "1k0"; VariantName = "[No Variations]"
Added Component: Designator=R1_c114(R2512)
Add component (AddParameter): Name = "Manufacturer"; Value = ""; VariantName = "[No Variations]"
Add component (AddParameter): Name = "Part number"; Value = ""; VariantName = "[No Variations]"
Add component (AddParameter): Name = "Power"; Value = "0.125W"; VariantName = "[No Variations]"
Add component (AddParameter): Name = "Unit price"; Value = "0.1"; VariantName = "[No Variations]"
Add component (AddParameter): Name = "Value"; Value = "1k0"; VariantName = "[No Variations]"
Added Component: Designator=R1_c115(R2512)
Add component (AddParameter): Name = "Manufacturer"; Value = ""; VariantName = "[No Variations]"
Add component (AddParameter): Name = "Part number"; Value = ""; VariantName = "[No Variations]"
Add component (AddParameter): Name = "Power"; Value = "0.125W"; VariantName = "[No Variations]"
Add component (AddParameter): Name = "Unit price"; Value = "0.1"; VariantName = "[No Variations]"
Add component (AddParameter): Name = "Value"; Value = "1k0"; VariantName = "[No Variations]"
Added Component: Designator=R1_c116(R2512)
Add component (AddParameter): Name = "Manufacturer"; Value = ""; VariantName = "[No Variations]"
Add component (AddParameter): Name = "Part number"; Value = ""; VariantName = "[No Variations]"
Add component (AddParameter): Name = "Power"; Value = "0.125W"; VariantName = "[No Variations]"
Add component (AddParameter): Name = "Unit price"; Value = "0.1"; VariantName = "[No Variations]"
Add component (AddParameter): Name = "Value"; Value = "1k0"; VariantName = "[No Variations]"
Added Component: Designator=R1_c117(R2512)
Add component (AddParameter): Name = "Manufacturer"; Value = ""; VariantName = "[No Variations]"
Add component (AddParameter): Name = "Part number"; Value = ""; VariantName = "[No Variations]"
Add component (AddParameter): Name = "Power"; Value = "0.125W"; VariantName = "[No Variations]"
Add component (AddParameter): Name = "Unit price"; Value = "0.1"; VariantName = "[No Variations]"
Add component (AddParameter): Name = "Value"; Value = "1k0"; VariantName = "[No Variations]"
Added Component: Designator=R1_c118(R2512)
Add component (AddParameter): Name = "Manufacturer"; Value = ""; VariantName = "[No Variations]"
Add component (AddParameter): Name = "Part number"; Value = ""; VariantName = "[No Variations]"
Add component (AddParameter): Name = "Power"; Value = "0.125W"; VariantName = "[No Variations]"
Add component (AddParameter): Name = "Unit price"; Value = "0.1"; VariantName = "[No Variations]"
Add component (AddParameter): Name = "Value"; Value = "1k0"; VariantName = "[No Variations]"
Added Component: Designator=R1_c119(R2512)
Add component (AddParameter): Name = "Manufacturer"; Value = ""; VariantName = "[No Variations]"
Add component (AddParameter): Name = "Part number"; Value = ""; VariantName = "[No Variations]"
Add component (AddParameter): Name = "Power"; Value = "0.125W"; VariantName = "[No Variations]"
Add component (AddParameter): Name = "Unit price"; Value = "0.1"; VariantName = "[No Variations]"
Add component (AddParameter): Name = "Value"; Value = "1k0"; VariantName = "[No Variations]"
Added Component: Designator=R1_c120(R2512)
Add component (AddParameter): Name = "Manufacturer"; Value = ""; VariantName = "[No Variations]"
Add component (AddParameter): Name = "Part number"; Value = ""; VariantName = "[No Variations]"
Add component (AddParameter): Name = "Power"; Value = "0.125W"; VariantName = "[No Variations]"
Add component (AddParameter): Name = "Unit price"; Value = "0.1"; VariantName = "[No Variations]"
Add component (AddParameter): Name = "Value"; Value = "1k0"; VariantName = "[No Variations]"
Added Component: Designator=R1_c121(R2512)
Add component (AddParameter): Name = "Manufacturer"; Value = ""; VariantName = "[No Variations]"
Add component (AddParameter): Name = "Part number"; Value = ""; VariantName = "[No Variations]"
Add component (AddParameter): Name = "Power"; Value = "0.125W"; VariantName = "[No Variations]"
Add component (AddParameter): Name = "Unit price"; Value = "0.1"; VariantName = "[No Variations]"
Add component (AddParameter): Name = "Value"; Value = "1k0"; VariantName = "[No Variations]"
Added Component: Designator=R1_c122(R2512)
Add component (AddParameter): Name = "Manufacturer"; Value = ""; VariantName = "[No Variations]"
Add component (AddParameter): Name = "Part number"; Value = ""; VariantName = "[No Variations]"
Add component (AddParameter): Name = "Power"; Value = "0.125W"; VariantName = "[No Variations]"
Add component (AddParameter): Name = "Unit price"; Value = "0.1"; VariantName = "[No Variations]"
Add component (AddParameter): Name = "Value"; Value = "1k0"; VariantName = "[No Variations]"
Added Component: Designator=R1_c123(R2512)
Add component (AddParameter): Name = "Manufacturer"; Value = ""; VariantName = "[No Variations]"
Add component (AddParameter): Name = "Part number"; Value = ""; VariantName = "[No Variations]"
Add component (AddParameter): Name = "Power"; Value = "0.125W"; VariantName = "[No Variations]"
Add component (AddParameter): Name = "Unit price"; Value = "0.1"; VariantName = "[No Variations]"
Add component (AddParameter): Name = "Value"; Value = "1k0"; VariantName = "[No Variations]"
Added Component: Designator=R1_c124(R2512)
Add component (AddParameter): Name = "Manufacturer"; Value = ""; VariantName = "[No Variations]"
Add component (AddParameter): Name = "Part number"; Value = ""; VariantName = "[No Variations]"
Add component (AddParameter): Name = "Power"; Value = "0.125W"; VariantName = "[No Variations]"
Add component (AddParameter): Name = "Unit price"; Value = "0.1"; VariantName = "[No Variations]"
Add component (AddParameter): Name = "Value"; Value = "1k0"; VariantName = "[No Variations]"
Added Component: Designator=R1_c125(R2512)
Add component (AddParameter): Name = "Manufacturer"; Value = ""; VariantName = "[No Variations]"
Add component (AddParameter): Name = "Part number"; Value = ""; VariantName = "[No Variations]"
Add component (AddParameter): Name = "Power"; Value = "0.125W"; VariantName = "[No Variations]"
Add component (AddParameter): Name = "Unit price"; Value = "0.1"; VariantName = "[No Variations]"
Add component (AddParameter): Name = "Value"; Value = "1k0"; VariantName = "[No Variations]"
Added Component: Designator=R1_c126(R2512)
Add component (AddParameter): Name = "Manufacturer"; Value = ""; VariantName = "[No Variations]"
Add component (AddParameter): Name = "Part number"; Value = ""; VariantName = "[No Variations]"
Add component (AddParameter): Name = "Power"; Value = "0.125W"; VariantName = "[No Variations]"
Add component (AddParameter): Name = "Unit price"; Value = "0.1"; VariantName = "[No Variations]"
Add component (AddParameter): Name = "Value"; Value = "1k0"; VariantName = "[No Variations]"
Added Component: Designator=R1_c127(R2512)
Add component (AddParameter): Name = "Manufacturer"; Value = ""; VariantName = "[No Variations]"
Add component (AddParameter): Name = "Part number"; Value = ""; VariantName = "[No Variations]"
Add component (AddParameter): Name = "Power"; Value = "0.125W"; VariantName = "[No Variations]"
Add component (AddParameter): Name = "Unit price"; Value = "0.1"; VariantName = "[No Variations]"
Add component (AddParameter): Name = "Value"; Value = "1k0"; VariantName = "[No Variations]"
Added Component: Designator=R1_c128(R2512)
Add component (AddParameter): Name = "Manufacturer"; Value = ""; VariantName = "[No Variations]"
Add component (AddParameter): Name = "Part number"; Value = ""; VariantName = "[No Variations]"
Add component (AddParameter): Name = "Power"; Value = "0.125W"; VariantName = "[No Variations]"
Add component (AddParameter): Name = "Unit price"; Value = "0.1"; VariantName = "[No Variations]"
Add component (AddParameter): Name = "Value"; Value = "1k0"; VariantName = "[No Variations]"
Added Component: Designator=R1_c129(R2512)
Add component (AddParameter): Name = "Manufacturer"; Value = ""; VariantName = "[No Variations]"
Add component (AddParameter): Name = "Part number"; Value = ""; VariantName = "[No Variations]"
Add component (AddParameter): Name = "Power"; Value = "0.125W"; VariantName = "[No Variations]"
Add component (AddParameter): Name = "Unit price"; Value = "0.1"; VariantName = "[No Variations]"
Add component (AddParameter): Name = "Value"; Value = "1k0"; VariantName = "[No Variations]"
Added Component: Designator=R1_c130(R2512)
Add component (AddParameter): Name = "Manufacturer"; Value = ""; VariantName = "[No Variations]"
Add component (AddParameter): Name = "Part number"; Value = ""; VariantName = "[No Variations]"
Add component (AddParameter): Name = "Power"; Value = "0.125W"; VariantName = "[No Variations]"
Add component (AddParameter): Name = "Unit price"; Value = "0.1"; VariantName = "[No Variations]"
Add component (AddParameter): Name = "Value"; Value = "1k0"; VariantName = "[No Variations]"
Added Component: Designator=R1_c131(R2512)
Add component (AddParameter): Name = "Manufacturer"; Value = ""; VariantName = "[No Variations]"
Add component (AddParameter): Name = "Part number"; Value = ""; VariantName = "[No Variations]"
Add component (AddParameter): Name = "Power"; Value = "0.125W"; VariantName = "[No Variations]"
Add component (AddParameter): Name = "Unit price"; Value = "0.1"; VariantName = "[No Variations]"
Add component (AddParameter): Name = "Value"; Value = "1k0"; VariantName = "[No Variations]"
Added Component: Designator=R1_c132(R2512)
Add component (AddParameter): Name = "Manufacturer"; Value = ""; VariantName = "[No Variations]"
Add component (AddParameter): Name = "Part number"; Value = ""; VariantName = "[No Variations]"
Add component (AddParameter): Name = "Power"; Value = "0.125W"; VariantName = "[No Variations]"
Add component (AddParameter): Name = "Unit price"; Value = "0.1"; VariantName = "[No Variations]"
Add component (AddParameter): Name = "Value"; Value = "1k0"; VariantName = "[No Variations]"
Added Component: Designator=R1_c133(R2512)
Add component (AddParameter): Name = "Manufacturer"; Value = ""; VariantName = "[No Variations]"
Add component (AddParameter): Name = "Part number"; Value = ""; VariantName = "[No Variations]"
Add component (AddParameter): Name = "Power"; Value = "0.125W"; VariantName = "[No Variations]"
Add component (AddParameter): Name = "Unit price"; Value = "0.1"; VariantName = "[No Variations]"
Add component (AddParameter): Name = "Value"; Value = "1k0"; VariantName = "[No Variations]"
Added Component: Designator=R1_c134(R2512)
Add component (AddParameter): Name = "Manufacturer"; Value = ""; VariantName = "[No Variations]"
Add component (AddParameter): Name = "Part number"; Value = ""; VariantName = "[No Variations]"
Add component (AddParameter): Name = "Power"; Value = "0.125W"; VariantName = "[No Variations]"
Add component (AddParameter): Name = "Unit price"; Value = "0.1"; VariantName = "[No Variations]"
Add component (AddParameter): Name = "Value"; Value = "1k0"; VariantName = "[No Variations]"
Added Component: Designator=R1_c135(R2512)
Add component (AddParameter): Name = "Manufacturer"; Value = ""; VariantName = "[No Variations]"
Add component (AddParameter): Name = "Part number"; Value = ""; VariantName = "[No Variations]"
Add component (AddParameter): Name = "Power"; Value = "0.125W"; VariantName = "[No Variations]"
Add component (AddParameter): Name = "Unit price"; Value = "0.1"; VariantName = "[No Variations]"
Add component (AddParameter): Name = "Value"; Value = "1k0"; VariantName = "[No Variations]"
Added Component: Designator=R1_c136(R2512)
Add component (AddParameter): Name = "Manufacturer"; Value = ""; VariantName = "[No Variations]"
Add component (AddParameter): Name = "Part number"; Value = ""; VariantName = "[No Variations]"
Add component (AddParameter): Name = "Power"; Value = "0.125W"; VariantName = "[No Variations]"
Add component (AddParameter): Name = "Unit price"; Value = "0.1"; VariantName = "[No Variations]"
Add component (AddParameter): Name = "Value"; Value = "1k0"; VariantName = "[No Variations]"
Added Component: Designator=R1_c137(R2512)
Add component (AddParameter): Name = "Manufacturer"; Value = ""; VariantName = "[No Variations]"
Add component (AddParameter): Name = "Part number"; Value = ""; VariantName = "[No Variations]"
Add component (AddParameter): Name = "Power"; Value = "0.125W"; VariantName = "[No Variations]"
Add component (AddParameter): Name = "Unit price"; Value = "0.1"; VariantName = "[No Variations]"
Add component (AddParameter): Name = "Value"; Value = "1k0"; VariantName = "[No Variations]"
Added Component: Designator=R1_c138(R2512)
Add component (AddParameter): Name = "Manufacturer"; Value = ""; VariantName = "[No Variations]"
Add component (AddParameter): Name = "Part number"; Value = ""; VariantName = "[No Variations]"
Add component (AddParameter): Name = "Power"; Value = "0.125W"; VariantName = "[No Variations]"
Add component (AddParameter): Name = "Unit price"; Value = "0.1"; VariantName = "[No Variations]"
Add component (AddParameter): Name = "Value"; Value = "1k0"; VariantName = "[No Variations]"
Added Component: Designator=R1_c139(R2512)
Add component (AddParameter): Name = "Manufacturer"; Value = ""; VariantName = "[No Variations]"
Add component (AddParameter): Name = "Part number"; Value = ""; VariantName = "[No Variations]"
Add component (AddParameter): Name = "Power"; Value = "0.125W"; VariantName = "[No Variations]"
Add component (AddParameter): Name = "Unit price"; Value = "0.1"; VariantName = "[No Variations]"
Add component (AddParameter): Name = "Value"; Value = "1k0"; VariantName = "[No Variations]"
Added Component: Designator=R1_c140(R2512)
Add component (AddParameter): Name = "Manufacturer"; Value = ""; VariantName = "[No Variations]"
Add component (AddParameter): Name = "Part number"; Value = ""; VariantName = "[No Variations]"
Add component (AddParameter): Name = "Power"; Value = "0.125W"; VariantName = "[No Variations]"
Add component (AddParameter): Name = "Unit price"; Value = "0.1"; VariantName = "[No Variations]"
Add component (AddParameter): Name = "Value"; Value = "1k0"; VariantName = "[No Variations]"
Added Component: Designator=R1_c141(R2512)
Add component (AddParameter): Name = "Manufacturer"; Value = ""; VariantName = "[No Variations]"
Add component (AddParameter): Name = "Part number"; Value = ""; VariantName = "[No Variations]"
Add component (AddParameter): Name = "Power"; Value = "0.125W"; VariantName = "[No Variations]"
Add component (AddParameter): Name = "Unit price"; Value = "0.1"; VariantName = "[No Variations]"
Add component (AddParameter): Name = "Value"; Value = "1k0"; VariantName = "[No Variations]"
Added Component: Designator=R1_c142(R2512)
Add component (AddParameter): Name = "Manufacturer"; Value = ""; VariantName = "[No Variations]"
Add component (AddParameter): Name = "Part number"; Value = ""; VariantName = "[No Variations]"
Add component (AddParameter): Name = "Power"; Value = "0.125W"; VariantName = "[No Variations]"
Add component (AddParameter): Name = "Unit price"; Value = "0.1"; VariantName = "[No Variations]"
Add component (AddParameter): Name = "Value"; Value = "1k0"; VariantName = "[No Variations]"
Added Component: Designator=R1_c143(R2512)
Add component (AddParameter): Name = "Manufacturer"; Value = ""; VariantName = "[No Variations]"
Add component (AddParameter): Name = "Part number"; Value = ""; VariantName = "[No Variations]"
Add component (AddParameter): Name = "Power"; Value = "0.125W"; VariantName = "[No Variations]"
Add component (AddParameter): Name = "Unit price"; Value = "0.1"; VariantName = "[No Variations]"
Add component (AddParameter): Name = "Value"; Value = "1k0"; VariantName = "[No Variations]"
Added Component: Designator=R1_c144(R2512)
Add component (AddParameter): Name = "Manufacturer"; Value = ""; VariantName = "[No Variations]"
Add component (AddParameter): Name = "Part number"; Value = ""; VariantName = "[No Variations]"
Add component (AddParameter): Name = "Power"; Value = "0.125W"; VariantName = "[No Variations]"
Add component (AddParameter): Name = "Unit price"; Value = "0.1"; VariantName = "[No Variations]"
Add component (AddParameter): Name = "Value"; Value = "1k0"; VariantName = "[No Variations]"
Added Component: Designator=R1_c145(R2512)
Add component (AddParameter): Name = "Manufacturer"; Value = ""; VariantName = "[No Variations]"
Add component (AddParameter): Name = "Part number"; Value = ""; VariantName = "[No Variations]"
Add component (AddParameter): Name = "Power"; Value = "0.125W"; VariantName = "[No Variations]"
Add component (AddParameter): Name = "Unit price"; Value = "0.1"; VariantName = "[No Variations]"
Add component (AddParameter): Name = "Value"; Value = "1k0"; VariantName = "[No Variations]"
Added Component: Designator=R1_c146(R2512)
Add component (AddParameter): Name = "Manufacturer"; Value = ""; VariantName = "[No Variations]"
Add component (AddParameter): Name = "Part number"; Value = ""; VariantName = "[No Variations]"
Add component (AddParameter): Name = "Power"; Value = "0.125W"; VariantName = "[No Variations]"
Add component (AddParameter): Name = "Unit price"; Value = "0.1"; VariantName = "[No Variations]"
Add component (AddParameter): Name = "Value"; Value = "1k0"; VariantName = "[No Variations]"
Added Component: Designator=R1_c147(R2512)
Add component (AddParameter): Name = "Manufacturer"; Value = ""; VariantName = "[No Variations]"
Add component (AddParameter): Name = "Part number"; Value = ""; VariantName = "[No Variations]"
Add component (AddParameter): Name = "Power"; Value = "0.125W"; VariantName = "[No Variations]"
Add component (AddParameter): Name = "Unit price"; Value = "0.1"; VariantName = "[No Variations]"
Add component (AddParameter): Name = "Value"; Value = "1k0"; VariantName = "[No Variations]"
Added Component: Designator=R1_c148(R2512)
Add component (AddParameter): Name = "Manufacturer"; Value = ""; VariantName = "[No Variations]"
Add component (AddParameter): Name = "Part number"; Value = ""; VariantName = "[No Variations]"
Add component (AddParameter): Name = "Power"; Value = "0.125W"; VariantName = "[No Variations]"
Add component (AddParameter): Name = "Unit price"; Value = "0.1"; VariantName = "[No Variations]"
Add component (AddParameter): Name = "Value"; Value = "1k0"; VariantName = "[No Variations]"
Added Component: Designator=R1_c149(R2512)
Add component (AddParameter): Name = "Manufacturer"; Value = ""; VariantName = "[No Variations]"
Add component (AddParameter): Name = "Part number"; Value = ""; VariantName = "[No Variations]"
Add component (AddParameter): Name = "Power"; Value = "0.125W"; VariantName = "[No Variations]"
Add component (AddParameter): Name = "Unit price"; Value = "0.1"; VariantName = "[No Variations]"
Add component (AddParameter): Name = "Value"; Value = "1k0"; VariantName = "[No Variations]"
Added Component: Designator=R1_c150(R2512)
Add component (AddParameter): Name = "Manufacturer"; Value = ""; VariantName = "[No Variations]"
Add component (AddParameter): Name = "Part number"; Value = ""; VariantName = "[No Variations]"
Add component (AddParameter): Name = "Power"; Value = "0.125W"; VariantName = "[No Variations]"
Add component (AddParameter): Name = "Unit price"; Value = "0.1"; VariantName = "[No Variations]"
Add component (AddParameter): Name = "Value"; Value = "1k0"; VariantName = "[No Variations]"
Added Component: Designator=R1_c151(R2512)
Add component (AddParameter): Name = "Manufacturer"; Value = ""; VariantName = "[No Variations]"
Add component (AddParameter): Name = "Part number"; Value = ""; VariantName = "[No Variations]"
Add component (AddParameter): Name = "Power"; Value = "0.125W"; VariantName = "[No Variations]"
Add component (AddParameter): Name = "Unit price"; Value = "0.1"; VariantName = "[No Variations]"
Add component (AddParameter): Name = "Value"; Value = "1k0"; VariantName = "[No Variations]"
Added Component: Designator=R1_c152(R2512)
Add component (AddParameter): Name = "Manufacturer"; Value = ""; VariantName = "[No Variations]"
Add component (AddParameter): Name = "Part number"; Value = ""; VariantName = "[No Variations]"
Add component (AddParameter): Name = "Power"; Value = "0.125W"; VariantName = "[No Variations]"
Add component (AddParameter): Name = "Unit price"; Value = "0.1"; VariantName = "[No Variations]"
Add component (AddParameter): Name = "Value"; Value = "1k0"; VariantName = "[No Variations]"
Added Component: Designator=R1_c153(R2512)
Add component (AddParameter): Name = "Manufacturer"; Value = ""; VariantName = "[No Variations]"
Add component (AddParameter): Name = "Part number"; Value = ""; VariantName = "[No Variations]"
Add component (AddParameter): Name = "Power"; Value = "0.125W"; VariantName = "[No Variations]"
Add component (AddParameter): Name = "Unit price"; Value = "0.1"; VariantName = "[No Variations]"
Add component (AddParameter): Name = "Value"; Value = "1k0"; VariantName = "[No Variations]"
Added Component: Designator=R1_c154(R2512)
Add component (AddParameter): Name = "Manufacturer"; Value = ""; VariantName = "[No Variations]"
Add component (AddParameter): Name = "Part number"; Value = ""; VariantName = "[No Variations]"
Add component (AddParameter): Name = "Power"; Value = "0.125W"; VariantName = "[No Variations]"
Add component (AddParameter): Name = "Unit price"; Value = "0.1"; VariantName = "[No Variations]"
Add component (AddParameter): Name = "Value"; Value = "1k0"; VariantName = "[No Variations]"
Added Component: Designator=R1_c155(R2512)
Add component (AddParameter): Name = "Manufacturer"; Value = ""; VariantName = "[No Variations]"
Add component (AddParameter): Name = "Part number"; Value = ""; VariantName = "[No Variations]"
Add component (AddParameter): Name = "Power"; Value = "0.125W"; VariantName = "[No Variations]"
Add component (AddParameter): Name = "Unit price"; Value = "0.1"; VariantName = "[No Variations]"
Add component (AddParameter): Name = "Value"; Value = "1k0"; VariantName = "[No Variations]"
Added Component: Designator=R1_c156(R2512)
Add component (AddParameter): Name = "Manufacturer"; Value = ""; VariantName = "[No Variations]"
Add component (AddParameter): Name = "Part number"; Value = ""; VariantName = "[No Variations]"
Add component (AddParameter): Name = "Power"; Value = "0.125W"; VariantName = "[No Variations]"
Add component (AddParameter): Name = "Unit price"; Value = "0.1"; VariantName = "[No Variations]"
Add component (AddParameter): Name = "Value"; Value = "1k0"; VariantName = "[No Variations]"
Added Component: Designator=R1_c157(R2512)
Add component (AddParameter): Name = "Manufacturer"; Value = ""; VariantName = "[No Variations]"
Add component (AddParameter): Name = "Part number"; Value = ""; VariantName = "[No Variations]"
Add component (AddParameter): Name = "Power"; Value = "0.125W"; VariantName = "[No Variations]"
Add component (AddParameter): Name = "Unit price"; Value = "0.1"; VariantName = "[No Variations]"
Add component (AddParameter): Name = "Value"; Value = "1k0"; VariantName = "[No Variations]"
Added Component: Designator=R1_c158(R2512)
Add component (AddParameter): Name = "Manufacturer"; Value = ""; VariantName = "[No Variations]"
Add component (AddParameter): Name = "Part number"; Value = ""; VariantName = "[No Variations]"
Add component (AddParameter): Name = "Power"; Value = "0.125W"; VariantName = "[No Variations]"
Add component (AddParameter): Name = "Unit price"; Value = "0.1"; VariantName = "[No Variations]"
Add component (AddParameter): Name = "Value"; Value = "1k0"; VariantName = "[No Variations]"
Added Component: Designator=R1_c159(R2512)
Add component (AddParameter): Name = "Manufacturer"; Value = ""; VariantName = "[No Variations]"
Add component (AddParameter): Name = "Part number"; Value = ""; VariantName = "[No Variations]"
Add component (AddParameter): Name = "Power"; Value = "0.125W"; VariantName = "[No Variations]"
Add component (AddParameter): Name = "Unit price"; Value = "0.1"; VariantName = "[No Variations]"
Add component (AddParameter): Name = "Value"; Value = "1k0"; VariantName = "[No Variations]"
Added Component: Designator=R1_c160(R2512)
Add component (AddParameter): Name = "Manufacturer"; Value = ""; VariantName = "[No Variations]"
Add component (AddParameter): Name = "Part number"; Value = ""; VariantName = "[No Variations]"
Add component (AddParameter): Name = "Power"; Value = "0.125W"; VariantName = "[No Variations]"
Add component (AddParameter): Name = "Unit price"; Value = "0.1"; VariantName = "[No Variations]"
Add component (AddParameter): Name = "Value"; Value = "1k0"; VariantName = "[No Variations]"
Added Component: Designator=R1_c161(R2512)
Add component (AddParameter): Name = "Manufacturer"; Value = ""; VariantName = "[No Variations]"
Add component (AddParameter): Name = "Part number"; Value = ""; VariantName = "[No Variations]"
Add component (AddParameter): Name = "Power"; Value = "0.125W"; VariantName = "[No Variations]"
Add component (AddParameter): Name = "Unit price"; Value = "0.1"; VariantName = "[No Variations]"
Add component (AddParameter): Name = "Value"; Value = "1k0"; VariantName = "[No Variations]"
Added Component: Designator=R1_c162(R2512)
Add component (AddParameter): Name = "Manufacturer"; Value = ""; VariantName = "[No Variations]"
Add component (AddParameter): Name = "Part number"; Value = ""; VariantName = "[No Variations]"
Add component (AddParameter): Name = "Power"; Value = "0.125W"; VariantName = "[No Variations]"
Add component (AddParameter): Name = "Unit price"; Value = "0.1"; VariantName = "[No Variations]"
Add component (AddParameter): Name = "Value"; Value = "1k0"; VariantName = "[No Variations]"
Added Component: Designator=R1_c163(R2512)
Add component (AddParameter): Name = "Manufacturer"; Value = ""; VariantName = "[No Variations]"
Add component (AddParameter): Name = "Part number"; Value = ""; VariantName = "[No Variations]"
Add component (AddParameter): Name = "Power"; Value = "0.125W"; VariantName = "[No Variations]"
Add component (AddParameter): Name = "Unit price"; Value = "0.1"; VariantName = "[No Variations]"
Add component (AddParameter): Name = "Value"; Value = "1k0"; VariantName = "[No Variations]"
Added Component: Designator=R1_c164(R2512)
Add component (AddParameter): Name = "Manufacturer"; Value = ""; VariantName = "[No Variations]"
Add component (AddParameter): Name = "Part number"; Value = ""; VariantName = "[No Variations]"
Add component (AddParameter): Name = "Power"; Value = "0.125W"; VariantName = "[No Variations]"
Add component (AddParameter): Name = "Unit price"; Value = "0.1"; VariantName = "[No Variations]"
Add component (AddParameter): Name = "Value"; Value = "1k0"; VariantName = "[No Variations]"
Added Component: Designator=R1_c165(R2512)
Add component (AddParameter): Name = "Manufacturer"; Value = ""; VariantName = "[No Variations]"
Add component (AddParameter): Name = "Part number"; Value = ""; VariantName = "[No Variations]"
Add component (AddParameter): Name = "Power"; Value = "0.125W"; VariantName = "[No Variations]"
Add component (AddParameter): Name = "Unit price"; Value = "0.1"; VariantName = "[No Variations]"
Add component (AddParameter): Name = "Value"; Value = "1k0"; VariantName = "[No Variations]"
Added Component: Designator=R1_c166(R2512)
Add component (AddParameter): Name = "Manufacturer"; Value = ""; VariantName = "[No Variations]"
Add component (AddParameter): Name = "Part number"; Value = ""; VariantName = "[No Variations]"
Add component (AddParameter): Name = "Power"; Value = "0.125W"; VariantName = "[No Variations]"
Add component (AddParameter): Name = "Unit price"; Value = "0.1"; VariantName = "[No Variations]"
Add component (AddParameter): Name = "Value"; Value = "1k0"; VariantName = "[No Variations]"
Added Component: Designator=R1_c167(R2512)
Add component (AddParameter): Name = "Manufacturer"; Value = ""; VariantName = "[No Variations]"
Add component (AddParameter): Name = "Part number"; Value = ""; VariantName = "[No Variations]"
Add component (AddParameter): Name = "Power"; Value = "0.125W"; VariantName = "[No Variations]"
Add component (AddParameter): Name = "Unit price"; Value = "0.1"; VariantName = "[No Variations]"
Add component (AddParameter): Name = "Value"; Value = "1k0"; VariantName = "[No Variations]"
Added Component: Designator=R1_c168(R2512)
Add component (AddParameter): Name = "Manufacturer"; Value = ""; VariantName = "[No Variations]"
Add component (AddParameter): Name = "Part number"; Value = ""; VariantName = "[No Variations]"
Add component (AddParameter): Name = "Power"; Value = "0.125W"; VariantName = "[No Variations]"
Add component (AddParameter): Name = "Unit price"; Value = "0.1"; VariantName = "[No Variations]"
Add component (AddParameter): Name = "Value"; Value = "1k0"; VariantName = "[No Variations]"
Added Component: Designator=R1_c169(R2512)
Add component (AddParameter): Name = "Manufacturer"; Value = ""; VariantName = "[No Variations]"
Add component (AddParameter): Name = "Part number"; Value = ""; VariantName = "[No Variations]"
Add component (AddParameter): Name = "Power"; Value = "0.125W"; VariantName = "[No Variations]"
Add component (AddParameter): Name = "Unit price"; Value = "0.1"; VariantName = "[No Variations]"
Add component (AddParameter): Name = "Value"; Value = "1k0"; VariantName = "[No Variations]"
Added Component: Designator=R1_c170(R2512)
Add component (AddParameter): Name = "Manufacturer"; Value = ""; VariantName = "[No Variations]"
Add component (AddParameter): Name = "Part number"; Value = ""; VariantName = "[No Variations]"
Add component (AddParameter): Name = "Power"; Value = "0.125W"; VariantName = "[No Variations]"
Add component (AddParameter): Name = "Unit price"; Value = "0.1"; VariantName = "[No Variations]"
Add component (AddParameter): Name = "Value"; Value = "1k0"; VariantName = "[No Variations]"
Added Component: Designator=R1_c171(R2512)
Add component (AddParameter): Name = "Manufacturer"; Value = ""; VariantName = "[No Variations]"
Add component (AddParameter): Name = "Part number"; Value = ""; VariantName = "[No Variations]"
Add component (AddParameter): Name = "Power"; Value = "0.125W"; VariantName = "[No Variations]"
Add component (AddParameter): Name = "Unit price"; Value = "0.1"; VariantName = "[No Variations]"
Add component (AddParameter): Name = "Value"; Value = "1k0"; VariantName = "[No Variations]"
Added Component: Designator=R1_c172(R2512)
Add component (AddParameter): Name = "Manufacturer"; Value = ""; VariantName = "[No Variations]"
Add component (AddParameter): Name = "Part number"; Value = ""; VariantName = "[No Variations]"
Add component (AddParameter): Name = "Power"; Value = "0.125W"; VariantName = "[No Variations]"
Add component (AddParameter): Name = "Unit price"; Value = "0.1"; VariantName = "[No Variations]"
Add component (AddParameter): Name = "Value"; Value = "1k0"; VariantName = "[No Variations]"
Added Component: Designator=R1_c173(R2512)
Add component (AddParameter): Name = "Manufacturer"; Value = ""; VariantName = "[No Variations]"
Add component (AddParameter): Name = "Part number"; Value = ""; VariantName = "[No Variations]"
Add component (AddParameter): Name = "Power"; Value = "0.125W"; VariantName = "[No Variations]"
Add component (AddParameter): Name = "Unit price"; Value = "0.1"; VariantName = "[No Variations]"
Add component (AddParameter): Name = "Value"; Value = "1k0"; VariantName = "[No Variations]"
Added Component: Designator=R1_c174(R2512)
Add component (AddParameter): Name = "Manufacturer"; Value = ""; VariantName = "[No Variations]"
Add component (AddParameter): Name = "Part number"; Value = ""; VariantName = "[No Variations]"
Add component (AddParameter): Name = "Power"; Value = "0.125W"; VariantName = "[No Variations]"
Add component (AddParameter): Name = "Unit price"; Value = "0.1"; VariantName = "[No Variations]"
Add component (AddParameter): Name = "Value"; Value = "1k0"; VariantName = "[No Variations]"
Added Component: Designator=R1_c175(R2512)
Add component (AddParameter): Name = "Manufacturer"; Value = ""; VariantName = "[No Variations]"
Add component (AddParameter): Name = "Part number"; Value = ""; VariantName = "[No Variations]"
Add component (AddParameter): Name = "Power"; Value = "0.125W"; VariantName = "[No Variations]"
Add component (AddParameter): Name = "Unit price"; Value = "0.1"; VariantName = "[No Variations]"
Add component (AddParameter): Name = "Value"; Value = "1k0"; VariantName = "[No Variations]"
Added Component: Designator=R1_c176(R2512)
Add component (AddParameter): Name = "Manufacturer"; Value = ""; VariantName = "[No Variations]"
Add component (AddParameter): Name = "Part number"; Value = ""; VariantName = "[No Variations]"
Add component (AddParameter): Name = "Power"; Value = "0.125W"; VariantName = "[No Variations]"
Add component (AddParameter): Name = "Unit price"; Value = "0.1"; VariantName = "[No Variations]"
Add component (AddParameter): Name = "Value"; Value = "1k0"; VariantName = "[No Variations]"
Added Component: Designator=R1_c177(R2512)
Add component (AddParameter): Name = "Manufacturer"; Value = ""; VariantName = "[No Variations]"
Add component (AddParameter): Name = "Part number"; Value = ""; VariantName = "[No Variations]"
Add component (AddParameter): Name = "Power"; Value = "0.125W"; VariantName = "[No Variations]"
Add component (AddParameter): Name = "Unit price"; Value = "0.1"; VariantName = "[No Variations]"
Add component (AddParameter): Name = "Value"; Value = "1k0"; VariantName = "[No Variations]"
Added Component: Designator=R1_c178(R2512)
Add component (AddParameter): Name = "Manufacturer"; Value = ""; VariantName = "[No Variations]"
Add component (AddParameter): Name = "Part number"; Value = ""; VariantName = "[No Variations]"
Add component (AddParameter): Name = "Power"; Value = "0.125W"; VariantName = "[No Variations]"
Add component (AddParameter): Name = "Unit price"; Value = "0.1"; VariantName = "[No Variations]"
Add component (AddParameter): Name = "Value"; Value = "1k0"; VariantName = "[No Variations]"
Added Component: Designator=R1_c179(R2512)
Add component (AddParameter): Name = "Manufacturer"; Value = ""; VariantName = "[No Variations]"
Add component (AddParameter): Name = "Part number"; Value = ""; VariantName = "[No Variations]"
Add component (AddParameter): Name = "Power"; Value = "0.125W"; VariantName = "[No Variations]"
Add component (AddParameter): Name = "Unit price"; Value = "0.1"; VariantName = "[No Variations]"
Add component (AddParameter): Name = "Value"; Value = "1k0"; VariantName = "[No Variations]"
Added Component: Designator=R1_c180(R2512)
Add component (AddParameter): Name = "Manufacturer"; Value = ""; VariantName = "[No Variations]"
Add component (AddParameter): Name = "Part number"; Value = ""; VariantName = "[No Variations]"
Add component (AddParameter): Name = "Power"; Value = "0.125W"; VariantName = "[No Variations]"
Add component (AddParameter): Name = "Unit price"; Value = "0.1"; VariantName = "[No Variations]"
Add component (AddParameter): Name = "Value"; Value = "1k0"; VariantName = "[No Variations]"
Added Pin To Net: NetName=GND Pin=D1_c16-1
Added Pin To Net: NetName=GND Pin=D1_c17-1
Added Pin To Net: NetName=GND Pin=D1_c18-1
Added Pin To Net: NetName=GND Pin=D1_c19-1
Added Pin To Net: NetName=GND Pin=D1_c110-1
Added Pin To Net: NetName=GND Pin=D1_c111-1
Added Pin To Net: NetName=GND Pin=D1_c112-1
Added Pin To Net: NetName=GND Pin=D1_c113-1
Added Pin To Net: NetName=GND Pin=D1_c114-1
Added Pin To Net: NetName=GND Pin=D1_c115-1
Added Pin To Net: NetName=GND Pin=D1_c116-1
Added Pin To Net: NetName=GND Pin=D1_c117-1
Added Pin To Net: NetName=GND Pin=D1_c118-1
Added Pin To Net: NetName=GND Pin=D1_c119-1
Added Pin To Net: NetName=GND Pin=D1_c120-1
Added Pin To Net: NetName=GND Pin=D1_c121-1
Added Pin To Net: NetName=GND Pin=D1_c122-1
Added Pin To Net: NetName=GND Pin=D1_c123-1
Added Pin To Net: NetName=GND Pin=D1_c124-1
Added Pin To Net: NetName=GND Pin=D1_c125-1
Added Pin To Net: NetName=GND Pin=D1_c126-1
Added Pin To Net: NetName=GND Pin=D1_c127-1
Added Pin To Net: NetName=GND Pin=D1_c128-1
Added Pin To Net: NetName=GND Pin=D1_c129-1
Added Pin To Net: NetName=GND Pin=D1_c130-1
Added Pin To Net: NetName=GND Pin=D1_c131-1
Added Pin To Net: NetName=GND Pin=D1_c132-1
Added Pin To Net: NetName=GND Pin=D1_c133-1
Added Pin To Net: NetName=GND Pin=D1_c134-1
Added Pin To Net: NetName=GND Pin=D1_c135-1
Added Pin To Net: NetName=GND Pin=D1_c136-1
Added Pin To Net: NetName=GND Pin=D1_c137-1
Added Pin To Net: NetName=GND Pin=D1_c138-1
Added Pin To Net: NetName=GND Pin=D1_c139-1
Added Pin To Net: NetName=GND Pin=D1_c140-1
Added Pin To Net: NetName=GND Pin=D1_c141-1
Added Pin To Net: NetName=GND Pin=D1_c142-1
Added Pin To Net: NetName=GND Pin=D1_c143-1
Added Pin To Net: NetName=GND Pin=D1_c144-1
Added Pin To Net: NetName=GND Pin=D1_c145-1
Added Pin To Net: NetName=GND Pin=D1_c146-1
Added Pin To Net: NetName=GND Pin=D1_c147-1
Added Pin To Net: NetName=GND Pin=D1_c148-1
Added Pin To Net: NetName=GND Pin=D1_c149-1
Added Pin To Net: NetName=GND Pin=D1_c150-1
Added Pin To Net: NetName=GND Pin=D1_c151-1
Added Pin To Net: NetName=GND Pin=D1_c152-1
Added Pin To Net: NetName=GND Pin=D1_c153-1
Added Pin To Net: NetName=GND Pin=D1_c154-1
Added Pin To Net: NetName=GND Pin=D1_c155-1
Added Pin To Net: NetName=GND Pin=D1_c156-1
Added Pin To Net: NetName=GND Pin=D1_c157-1
Added Pin To Net: NetName=GND Pin=D1_c158-1
Added Pin To Net: NetName=GND Pin=D1_c159-1
Added Pin To Net: NetName=GND Pin=D1_c160-1
Added Pin To Net: NetName=GND Pin=D1_c161-1
Added Pin To Net: NetName=GND Pin=D1_c162-1
Added Pin To Net: NetName=GND Pin=D1_c163-1
Added Pin To Net: NetName=GND Pin=D1_c164-1
Added Pin To Net: NetName=GND Pin=D1_c165-1
Added Pin To Net: NetName=GND Pin=D1_c166-1
Added Pin To Net: NetName=GND Pin=D1_c167-1
Added Pin To Net: NetName=GND Pin=D1_c168-1
Added Pin To Net: NetName=GND Pin=D1_c169-1
Added Pin To Net: NetName=GND Pin=D1_c170-1
Added Pin To Net: NetName=GND Pin=D1_c171-1
Added Pin To Net: NetName=GND Pin=D1_c172-1
Added Pin To Net: NetName=GND Pin=D1_c173-1
Added Pin To Net: NetName=GND Pin=D1_c174-1
Added Pin To Net: NetName=GND Pin=D1_c175-1
Added Pin To Net: NetName=GND Pin=D1_c176-1
Added Pin To Net: NetName=GND Pin=D1_c177-1
Added Pin To Net: NetName=GND Pin=D1_c178-1
Added Pin To Net: NetName=GND Pin=D1_c179-1
Added Pin To Net: NetName=GND Pin=D1_c180-1
Added Pin To Net: NetName=IN6 Pin=R1_c16-1
Added Net: Name=IN6
Added Pin To Net: NetName=IN7 Pin=R1_c17-1
Added Net: Name=IN7
Added Pin To Net: NetName=IN8 Pin=R1_c18-1
Added Net: Name=IN8
Added Pin To Net: NetName=IN9 Pin=R1_c19-1
Added Net: Name=IN9
Added Pin To Net: NetName=IN10 Pin=R1_c110-1
Added Net: Name=IN10
Added Pin To Net: NetName=IN11 Pin=R1_c111-1
Added Net: Name=IN11
Added Pin To Net: NetName=IN12 Pin=R1_c112-1
Added Net: Name=IN12
Added Pin To Net: NetName=IN13 Pin=R1_c113-1
Added Net: Name=IN13
Added Pin To Net: NetName=IN14 Pin=R1_c114-1
Added Net: Name=IN14
Added Pin To Net: NetName=IN15 Pin=R1_c115-1
Added Net: Name=IN15
Added Pin To Net: NetName=IN16 Pin=R1_c116-1
Added Net: Name=IN16
Added Pin To Net: NetName=IN17 Pin=R1_c117-1
Added Net: Name=IN17
Added Pin To Net: NetName=IN18 Pin=R1_c118-1
Added Net: Name=IN18
Added Pin To Net: NetName=IN19 Pin=R1_c119-1
Added Net: Name=IN19
Added Pin To Net: NetName=IN20 Pin=R1_c120-1
Added Net: Name=IN20
Added Pin To Net: NetName=IN21 Pin=R1_c121-1
Added Net: Name=IN21
Added Pin To Net: NetName=IN22 Pin=R1_c122-1
Added Net: Name=IN22
Added Pin To Net: NetName=IN23 Pin=R1_c123-1
Added Net: Name=IN23
Added Pin To Net: NetName=IN24 Pin=R1_c124-1
Added Net: Name=IN24
Added Pin To Net: NetName=IN25 Pin=R1_c125-1
Added Net: Name=IN25
Added Pin To Net: NetName=IN26 Pin=R1_c126-1
Added Net: Name=IN26
Added Pin To Net: NetName=IN27 Pin=R1_c127-1
Added Net: Name=IN27
Added Pin To Net: NetName=IN28 Pin=R1_c128-1
Added Net: Name=IN28
Added Pin To Net: NetName=IN29 Pin=R1_c129-1
Added Net: Name=IN29
Added Pin To Net: NetName=IN30 Pin=R1_c130-1
Added Net: Name=IN30
Added Pin To Net: NetName=IN31 Pin=R1_c131-1
Added Net: Name=IN31
Added Pin To Net: NetName=IN32 Pin=R1_c132-1
Added Net: Name=IN32
Added Pin To Net: NetName=IN33 Pin=R1_c133-1
Added Net: Name=IN33
Added Pin To Net: NetName=IN34 Pin=R1_c134-1
Added Net: Name=IN34
Added Pin To Net: NetName=IN35 Pin=R1_c135-1
Added Net: Name=IN35
Added Pin To Net: NetName=IN36 Pin=R1_c136-1
Added Net: Name=IN36
Added Pin To Net: NetName=IN37 Pin=R1_c137-1
Added Net: Name=IN37
Added Pin To Net: NetName=IN38 Pin=R1_c138-1
Added Net: Name=IN38
Added Pin To Net: NetName=IN39 Pin=R1_c139-1
Added Net: Name=IN39
Added Pin To Net: NetName=IN40 Pin=R1_c140-1
Added Net: Name=IN40
Added Pin To Net: NetName=IN41 Pin=R1_c141-1
Added Net: Name=IN41
Added Pin To Net: NetName=IN42 Pin=R1_c142-1
Added Net: Name=IN42
Added Pin To Net: NetName=IN43 Pin=R1_c143-1
Added Net: Name=IN43
Added Pin To Net: NetName=IN44 Pin=R1_c144-1
Added Net: Name=IN44
Added Pin To Net: NetName=IN45 Pin=R1_c145-1
Added Net: Name=IN45
Added Pin To Net: NetName=IN46 Pin=R1_c146-1
Added Net: Name=IN46
Added Pin To Net: NetName=IN47 Pin=R1_c147-1
Added Net: Name=IN47
Added Pin To Net: NetName=IN48 Pin=R1_c148-1
Added Net: Name=IN48
Added Pin To Net: NetName=IN49 Pin=R1_c149-1
Added Net: Name=IN49
Added Pin To Net: NetName=IN50 Pin=R1_c150-1
Added Net: Name=IN50
Added Pin To Net: NetName=IN51 Pin=R1_c151-1
Added Net: Name=IN51
Added Pin To Net: NetName=IN52 Pin=R1_c152-1
Added Net: Name=IN52
Added Pin To Net: NetName=IN53 Pin=R1_c153-1
Added Net: Name=IN53
Added Pin To Net: NetName=IN54 Pin=R1_c154-1
Added Net: Name=IN54
Added Pin To Net: NetName=IN55 Pin=R1_c155-1
Added Net: Name=IN55
Added Pin To Net: NetName=IN56 Pin=R1_c156-1
Added Net: Name=IN56
Added Pin To Net: NetName=IN57 Pin=R1_c157-1
Added Net: Name=IN57
Added Pin To Net: NetName=IN58 Pin=R1_c158-1
Added Net: Name=IN58
Added Pin To Net: NetName=IN59 Pin=R1_c159-1
Added Net: Name=IN59
Added Pin To Net: NetName=IN60 Pin=R1_c160-1
Added Net: Name=IN60
Added Pin To Net: NetName=IN61 Pin=R1_c161-1
Added Net: Name=IN61
Added Pin To Net: NetName=IN62 Pin=R1_c162-1
Added Net: Name=IN62
Added Pin To Net: NetName=IN63 Pin=R1_c163-1
Added Net: Name=IN63
Added Pin To Net: NetName=IN64 Pin=R1_c164-1
Added Net: Name=IN64
Added Pin To Net: NetName=IN65 Pin=R1_c165-1
Added Net: Name=IN65
Added Pin To Net: NetName=IN66 Pin=R1_c166-1
Added Net: Name=IN66
Added Pin To Net: NetName=IN67 Pin=R1_c167-1
Added Net: Name=IN67
Added Pin To Net: NetName=IN68 Pin=R1_c168-1
Added Net: Name=IN68
Added Pin To Net: NetName=IN69 Pin=R1_c169-1
Added Net: Name=IN69
Added Pin To Net: NetName=IN70 Pin=R1_c170-1
Added Net: Name=IN70
Added Pin To Net: NetName=IN71 Pin=R1_c171-1
Added Net: Name=IN71
Added Pin To Net: NetName=IN72 Pin=R1_c172-1
Added Net: Name=IN72
Added Pin To Net: NetName=IN73 Pin=R1_c173-1
Added Net: Name=IN73
Added Pin To Net: NetName=IN74 Pin=R1_c174-1
Added Net: Name=IN74
Added Pin To Net: NetName=IN75 Pin=R1_c175-1
Added Net: Name=IN75
Added Pin To Net: NetName=IN76 Pin=R1_c176-1
Added Net: Name=IN76
Added Pin To Net: NetName=IN77 Pin=R1_c177-1
Added Net: Name=IN77
Added Pin To Net: NetName=IN78 Pin=R1_c178-1
Added Net: Name=IN78
Added Pin To Net: NetName=IN79 Pin=R1_c179-1
Added Net: Name=IN79
Added Pin To Net: NetName=IN80 Pin=R1_c180-1
Added Net: Name=IN80
Added Pin To Net: NetName=NetD1_c16_2 Pin=D1_c16-2
Added Pin To Net: NetName=NetD1_c16_2 Pin=R1_c16-2
Added Net: Name=NetD1_c16_2
Added Pin To Net: NetName=NetD1_c17_2 Pin=D1_c17-2
Added Pin To Net: NetName=NetD1_c17_2 Pin=R1_c17-2
Added Net: Name=NetD1_c17_2
Added Pin To Net: NetName=NetD1_c18_2 Pin=D1_c18-2
Added Pin To Net: NetName=NetD1_c18_2 Pin=R1_c18-2
Added Net: Name=NetD1_c18_2
Added Pin To Net: NetName=NetD1_c19_2 Pin=D1_c19-2
Added Pin To Net: NetName=NetD1_c19_2 Pin=R1_c19-2
Added Net: Name=NetD1_c19_2
Added Pin To Net: NetName=NetD1_c110_2 Pin=D1_c110-2
Added Pin To Net: NetName=NetD1_c110_2 Pin=R1_c110-2
Added Net: Name=NetD1_c110_2
Added Pin To Net: NetName=NetD1_c111_2 Pin=D1_c111-2
Added Pin To Net: NetName=NetD1_c111_2 Pin=R1_c111-2
Added Net: Name=NetD1_c111_2
Added Pin To Net: NetName=NetD1_c112_2 Pin=D1_c112-2
Added Pin To Net: NetName=NetD1_c112_2 Pin=R1_c112-2
Added Net: Name=NetD1_c112_2
Added Pin To Net: NetName=NetD1_c113_2 Pin=D1_c113-2
Added Pin To Net: NetName=NetD1_c113_2 Pin=R1_c113-2
Added Net: Name=NetD1_c113_2
Added Pin To Net: NetName=NetD1_c114_2 Pin=D1_c114-2
Added Pin To Net: NetName=NetD1_c114_2 Pin=R1_c114-2
Added Net: Name=NetD1_c114_2
Added Pin To Net: NetName=NetD1_c115_2 Pin=D1_c115-2
Added Pin To Net: NetName=NetD1_c115_2 Pin=R1_c115-2
Added Net: Name=NetD1_c115_2
Added Pin To Net: NetName=NetD1_c116_2 Pin=D1_c116-2
Added Pin To Net: NetName=NetD1_c116_2 Pin=R1_c116-2
Added Net: Name=NetD1_c116_2
Added Pin To Net: NetName=NetD1_c117_2 Pin=D1_c117-2
Added Pin To Net: NetName=NetD1_c117_2 Pin=R1_c117-2
Added Net: Name=NetD1_c117_2
Added Pin To Net: NetName=NetD1_c118_2 Pin=D1_c118-2
Added Pin To Net: NetName=NetD1_c118_2 Pin=R1_c118-2
Added Net: Name=NetD1_c118_2
Added Pin To Net: NetName=NetD1_c119_2 Pin=D1_c119-2
Added Pin To Net: NetName=NetD1_c119_2 Pin=R1_c119-2
Added Net: Name=NetD1_c119_2
Added Pin To Net: NetName=NetD1_c120_2 Pin=D1_c120-2
Added Pin To Net: NetName=NetD1_c120_2 Pin=R1_c120-2
Added Net: Name=NetD1_c120_2
Added Pin To Net: NetName=NetD1_c121_2 Pin=D1_c121-2
Added Pin To Net: NetName=NetD1_c121_2 Pin=R1_c121-2
Added Net: Name=NetD1_c121_2
Added Pin To Net: NetName=NetD1_c122_2 Pin=D1_c122-2
Added Pin To Net: NetName=NetD1_c122_2 Pin=R1_c122-2
Added Net: Name=NetD1_c122_2
Added Pin To Net: NetName=NetD1_c123_2 Pin=D1_c123-2
Added Pin To Net: NetName=NetD1_c123_2 Pin=R1_c123-2
Added Net: Name=NetD1_c123_2
Added Pin To Net: NetName=NetD1_c124_2 Pin=D1_c124-2
Added Pin To Net: NetName=NetD1_c124_2 Pin=R1_c124-2
Added Net: Name=NetD1_c124_2
Added Pin To Net: NetName=NetD1_c125_2 Pin=D1_c125-2
Added Pin To Net: NetName=NetD1_c125_2 Pin=R1_c125-2
Added Net: Name=NetD1_c125_2
Added Pin To Net: NetName=NetD1_c126_2 Pin=D1_c126-2
Added Pin To Net: NetName=NetD1_c126_2 Pin=R1_c126-2
Added Net: Name=NetD1_c126_2
Added Pin To Net: NetName=NetD1_c127_2 Pin=D1_c127-2
Added Pin To Net: NetName=NetD1_c127_2 Pin=R1_c127-2
Added Net: Name=NetD1_c127_2
Added Pin To Net: NetName=NetD1_c128_2 Pin=D1_c128-2
Added Pin To Net: NetName=NetD1_c128_2 Pin=R1_c128-2
Added Net: Name=NetD1_c128_2
Added Pin To Net: NetName=NetD1_c129_2 Pin=D1_c129-2
Added Pin To Net: NetName=NetD1_c129_2 Pin=R1_c129-2
Added Net: Name=NetD1_c129_2
Added Pin To Net: NetName=NetD1_c130_2 Pin=D1_c130-2
Added Pin To Net: NetName=NetD1_c130_2 Pin=R1_c130-2
Added Net: Name=NetD1_c130_2
Added Pin To Net: NetName=NetD1_c131_2 Pin=D1_c131-2
Added Pin To Net: NetName=NetD1_c131_2 Pin=R1_c131-2
Added Net: Name=NetD1_c131_2
Added Pin To Net: NetName=NetD1_c132_2 Pin=D1_c132-2
Added Pin To Net: NetName=NetD1_c132_2 Pin=R1_c132-2
Added Net: Name=NetD1_c132_2
Added Pin To Net: NetName=NetD1_c133_2 Pin=D1_c133-2
Added Pin To Net: NetName=NetD1_c133_2 Pin=R1_c133-2
Added Net: Name=NetD1_c133_2
Added Pin To Net: NetName=NetD1_c134_2 Pin=D1_c134-2
Added Pin To Net: NetName=NetD1_c134_2 Pin=R1_c134-2
Added Net: Name=NetD1_c134_2
Added Pin To Net: NetName=NetD1_c135_2 Pin=D1_c135-2
Added Pin To Net: NetName=NetD1_c135_2 Pin=R1_c135-2
Added Net: Name=NetD1_c135_2
Added Pin To Net: NetName=NetD1_c136_2 Pin=D1_c136-2
Added Pin To Net: NetName=NetD1_c136_2 Pin=R1_c136-2
Added Net: Name=NetD1_c136_2
Added Pin To Net: NetName=NetD1_c137_2 Pin=D1_c137-2
Added Pin To Net: NetName=NetD1_c137_2 Pin=R1_c137-2
Added Net: Name=NetD1_c137_2
Added Pin To Net: NetName=NetD1_c138_2 Pin=D1_c138-2
Added Pin To Net: NetName=NetD1_c138_2 Pin=R1_c138-2
Added Net: Name=NetD1_c138_2
Added Pin To Net: NetName=NetD1_c139_2 Pin=D1_c139-2
Added Pin To Net: NetName=NetD1_c139_2 Pin=R1_c139-2
Added Net: Name=NetD1_c139_2
Added Pin To Net: NetName=NetD1_c140_2 Pin=D1_c140-2
Added Pin To Net: NetName=NetD1_c140_2 Pin=R1_c140-2
Added Net: Name=NetD1_c140_2
Added Pin To Net: NetName=NetD1_c141_2 Pin=D1_c141-2
Added Pin To Net: NetName=NetD1_c141_2 Pin=R1_c141-2
Added Net: Name=NetD1_c141_2
Added Pin To Net: NetName=NetD1_c142_2 Pin=D1_c142-2
Added Pin To Net: NetName=NetD1_c142_2 Pin=R1_c142-2
Added Net: Name=NetD1_c142_2
Added Pin To Net: NetName=NetD1_c143_2 Pin=D1_c143-2
Added Pin To Net: NetName=NetD1_c143_2 Pin=R1_c143-2
Added Net: Name=NetD1_c143_2
Added Pin To Net: NetName=NetD1_c144_2 Pin=D1_c144-2
Added Pin To Net: NetName=NetD1_c144_2 Pin=R1_c144-2
Added Net: Name=NetD1_c144_2
Added Pin To Net: NetName=NetD1_c145_2 Pin=D1_c145-2
Added Pin To Net: NetName=NetD1_c145_2 Pin=R1_c145-2
Added Net: Name=NetD1_c145_2
Added Pin To Net: NetName=NetD1_c146_2 Pin=D1_c146-2
Added Pin To Net: NetName=NetD1_c146_2 Pin=R1_c146-2
Added Net: Name=NetD1_c146_2
Added Pin To Net: NetName=NetD1_c147_2 Pin=D1_c147-2
Added Pin To Net: NetName=NetD1_c147_2 Pin=R1_c147-2
Added Net: Name=NetD1_c147_2
Added Pin To Net: NetName=NetD1_c148_2 Pin=D1_c148-2
Added Pin To Net: NetName=NetD1_c148_2 Pin=R1_c148-2
Added Net: Name=NetD1_c148_2
Added Pin To Net: NetName=NetD1_c149_2 Pin=D1_c149-2
Added Pin To Net: NetName=NetD1_c149_2 Pin=R1_c149-2
Added Net: Name=NetD1_c149_2
Added Pin To Net: NetName=NetD1_c150_2 Pin=D1_c150-2
Added Pin To Net: NetName=NetD1_c150_2 Pin=R1_c150-2
Added Net: Name=NetD1_c150_2
Added Pin To Net: NetName=NetD1_c151_2 Pin=D1_c151-2
Added Pin To Net: NetName=NetD1_c151_2 Pin=R1_c151-2
Added Net: Name=NetD1_c151_2
Added Pin To Net: NetName=NetD1_c152_2 Pin=D1_c152-2
Added Pin To Net: NetName=NetD1_c152_2 Pin=R1_c152-2
Added Net: Name=NetD1_c152_2
Added Pin To Net: NetName=NetD1_c153_2 Pin=D1_c153-2
Added Pin To Net: NetName=NetD1_c153_2 Pin=R1_c153-2
Added Net: Name=NetD1_c153_2
Added Pin To Net: NetName=NetD1_c154_2 Pin=D1_c154-2
Added Pin To Net: NetName=NetD1_c154_2 Pin=R1_c154-2
Added Net: Name=NetD1_c154_2
Added Pin To Net: NetName=NetD1_c155_2 Pin=D1_c155-2
Added Pin To Net: NetName=NetD1_c155_2 Pin=R1_c155-2
Added Net: Name=NetD1_c155_2
Added Pin To Net: NetName=NetD1_c156_2 Pin=D1_c156-2
Added Pin To Net: NetName=NetD1_c156_2 Pin=R1_c156-2
Added Net: Name=NetD1_c156_2
Added Pin To Net: NetName=NetD1_c157_2 Pin=D1_c157-2
Added Pin To Net: NetName=NetD1_c157_2 Pin=R1_c157-2
Added Net: Name=NetD1_c157_2
Added Pin To Net: NetName=NetD1_c158_2 Pin=D1_c158-2
Added Pin To Net: NetName=NetD1_c158_2 Pin=R1_c158-2
Added Net: Name=NetD1_c158_2
Added Pin To Net: NetName=NetD1_c159_2 Pin=D1_c159-2
Added Pin To Net: NetName=NetD1_c159_2 Pin=R1_c159-2
Added Net: Name=NetD1_c159_2
Added Pin To Net: NetName=NetD1_c160_2 Pin=D1_c160-2
Added Pin To Net: NetName=NetD1_c160_2 Pin=R1_c160-2
Added Net: Name=NetD1_c160_2
Added Pin To Net: NetName=NetD1_c161_2 Pin=D1_c161-2
Added Pin To Net: NetName=NetD1_c161_2 Pin=R1_c161-2
Added Net: Name=NetD1_c161_2
Added Pin To Net: NetName=NetD1_c162_2 Pin=D1_c162-2
Added Pin To Net: NetName=NetD1_c162_2 Pin=R1_c162-2
Added Net: Name=NetD1_c162_2
Added Pin To Net: NetName=NetD1_c163_2 Pin=D1_c163-2
Added Pin To Net: NetName=NetD1_c163_2 Pin=R1_c163-2
Added Net: Name=NetD1_c163_2
Added Pin To Net: NetName=NetD1_c164_2 Pin=D1_c164-2
Added Pin To Net: NetName=NetD1_c164_2 Pin=R1_c164-2
Added Net: Name=NetD1_c164_2
Added Pin To Net: NetName=NetD1_c165_2 Pin=D1_c165-2
Added Pin To Net: NetName=NetD1_c165_2 Pin=R1_c165-2
Added Net: Name=NetD1_c165_2
Added Pin To Net: NetName=NetD1_c166_2 Pin=D1_c166-2
Added Pin To Net: NetName=NetD1_c166_2 Pin=R1_c166-2
Added Net: Name=NetD1_c166_2
Added Pin To Net: NetName=NetD1_c167_2 Pin=D1_c167-2
Added Pin To Net: NetName=NetD1_c167_2 Pin=R1_c167-2
Added Net: Name=NetD1_c167_2
Added Pin To Net: NetName=NetD1_c168_2 Pin=D1_c168-2
Added Pin To Net: NetName=NetD1_c168_2 Pin=R1_c168-2
Added Net: Name=NetD1_c168_2
Added Pin To Net: NetName=NetD1_c169_2 Pin=D1_c169-2
Added Pin To Net: NetName=NetD1_c169_2 Pin=R1_c169-2
Added Net: Name=NetD1_c169_2
Added Pin To Net: NetName=NetD1_c170_2 Pin=D1_c170-2
Added Pin To Net: NetName=NetD1_c170_2 Pin=R1_c170-2
Added Net: Name=NetD1_c170_2
Added Pin To Net: NetName=NetD1_c171_2 Pin=D1_c171-2
Added Pin To Net: NetName=NetD1_c171_2 Pin=R1_c171-2
Added Net: Name=NetD1_c171_2
Added Pin To Net: NetName=NetD1_c172_2 Pin=D1_c172-2
Added Pin To Net: NetName=NetD1_c172_2 Pin=R1_c172-2
Added Net: Name=NetD1_c172_2
Added Pin To Net: NetName=NetD1_c173_2 Pin=D1_c173-2
Added Pin To Net: NetName=NetD1_c173_2 Pin=R1_c173-2
Added Net: Name=NetD1_c173_2
Added Pin To Net: NetName=NetD1_c174_2 Pin=D1_c174-2
Added Pin To Net: NetName=NetD1_c174_2 Pin=R1_c174-2
Added Net: Name=NetD1_c174_2
Added Pin To Net: NetName=NetD1_c175_2 Pin=D1_c175-2
Added Pin To Net: NetName=NetD1_c175_2 Pin=R1_c175-2
Added Net: Name=NetD1_c175_2
Added Pin To Net: NetName=NetD1_c176_2 Pin=D1_c176-2
Added Pin To Net: NetName=NetD1_c176_2 Pin=R1_c176-2
Added Net: Name=NetD1_c176_2
Added Pin To Net: NetName=NetD1_c177_2 Pin=D1_c177-2
Added Pin To Net: NetName=NetD1_c177_2 Pin=R1_c177-2
Added Net: Name=NetD1_c177_2
Added Pin To Net: NetName=NetD1_c178_2 Pin=D1_c178-2
Added Pin To Net: NetName=NetD1_c178_2 Pin=R1_c178-2
Added Net: Name=NetD1_c178_2
Added Pin To Net: NetName=NetD1_c179_2 Pin=D1_c179-2
Added Pin To Net: NetName=NetD1_c179_2 Pin=R1_c179-2
Added Net: Name=NetD1_c179_2
Added Pin To Net: NetName=NetD1_c180_2 Pin=D1_c180-2
Added Pin To Net: NetName=NetD1_c180_2 Pin=R1_c180-2
Added Net: Name=NetD1_c180_2
Added Class: Name=c16
Added Class: Name=c17
Added Class: Name=c18
Added Class: Name=c19
Added Class: Name=c110
Added Class: Name=c111
Added Class: Name=c112
Added Class: Name=c113
Added Class: Name=c114
Added Class: Name=c115
Added Class: Name=c116
Added Class: Name=c117
Added Class: Name=c118
Added Class: Name=c119
Added Class: Name=c120
Added Class: Name=c121
Added Class: Name=c122
Added Class: Name=c123
Added Class: Name=c124
Added Class: Name=c125
Added Class: Name=c126
Added Class: Name=c127
Added Class: Name=c128
Added Class: Name=c129
Added Class: Name=c130
Added Class: Name=c131
Added Class: Name=c132
Added Class: Name=c133
Added Class: Name=c134
Added Class: Name=c135
Added Class: Name=c136
Added Class: Name=c137
Added Class: Name=c138
Added Class: Name=c139
Added Class: Name=c140
Added Class: Name=c141
Added Class: Name=c142
Added Class: Name=c143
Added Class: Name=c144
Added Class: Name=c145
Added Class: Name=c146
Added Class: Name=c147
Added Class: Name=c148
Added Class: Name=c149
Added Class: Name=c150
Added Class: Name=c151
Added Class: Name=c152
Added Class: Name=c153
Added Class: Name=c154
Added Class: Name=c155
Added Class: Name=c156
Added Class: Name=c157
Added Class: Name=c158
Added Class: Name=c159
Added Class: Name=c160
Added Class: Name=c161
Added Class: Name=c162
Added Class: Name=c163
Added Class: Name=c164
Added Class: Name=c165
Added Class: Name=c166
Added Class: Name=c167
Added Class: Name=c168
Added Class: Name=c169
Added Class: Name=c170
Added Class: Name=c171
Added Class: Name=c172
Added Class: Name=c173
Added Class: Name=c174
Added Class: Name=c175
Added Class: Name=c176
Added Class: Name=c177
Added Class: Name=c178
Added Class: Name=c179
Added Class: Name=c180
Added Member To Class: ClassName=circuito1 Member=c16 (circuito1.SchDoc)
Added Member To Class: ClassName=circuito1 Member=c17 (circuito1.SchDoc)
Added Member To Class: ClassName=circuito1 Member=c18 (circuito1.SchDoc)
Added Member To Class: ClassName=circuito1 Member=c19 (circuito1.SchDoc)
Added Member To Class: ClassName=circuito1 Member=c110 (circuito1.SchDoc)
Added Member To Class: ClassName=circuito1 Member=c111 (circuito1.SchDoc)
Added Member To Class: ClassName=circuito1 Member=c112 (circuito1.SchDoc)
Added Member To Class: ClassName=circuito1 Member=c113 (circuito1.SchDoc)
Added Member To Class: ClassName=circuito1 Member=c114 (circuito1.SchDoc)
Added Member To Class: ClassName=circuito1 Member=c115 (circuito1.SchDoc)
Added Member To Class: ClassName=circuito1 Member=c116 (circuito1.SchDoc)
Added Member To Class: ClassName=circuito1 Member=c117 (circuito1.SchDoc)
Added Member To Class: ClassName=circuito1 Member=c118 (circuito1.SchDoc)
Added Member To Class: ClassName=circuito1 Member=c119 (circuito1.SchDoc)
Added Member To Class: ClassName=circuito1 Member=c120 (circuito1.SchDoc)
Added Member To Class: ClassName=circuito1 Member=c121 (circuito1.SchDoc)
Added Member To Class: ClassName=circuito1 Member=c122 (circuito1.SchDoc)
Added Member To Class: ClassName=circuito1 Member=c123 (circuito1.SchDoc)
Added Member To Class: ClassName=circuito1 Member=c124 (circuito1.SchDoc)
Added Member To Class: ClassName=circuito1 Member=c125 (circuito1.SchDoc)
Added Member To Class: ClassName=circuito1 Member=c126 (circuito1.SchDoc)
Added Member To Class: ClassName=circuito1 Member=c127 (circuito1.SchDoc)
Added Member To Class: ClassName=circuito1 Member=c128 (circuito1.SchDoc)
Added Member To Class: ClassName=circuito1 Member=c129 (circuito1.SchDoc)
Added Member To Class: ClassName=circuito1 Member=c130 (circuito1.SchDoc)
Added Member To Class: ClassName=circuito1 Member=c131 (circuito1.SchDoc)
Added Member To Class: ClassName=circuito1 Member=c132 (circuito1.SchDoc)
Added Member To Class: ClassName=circuito1 Member=c133 (circuito1.SchDoc)
Added Member To Class: ClassName=circuito1 Member=c134 (circuito1.SchDoc)
Added Member To Class: ClassName=circuito1 Member=c135 (circuito1.SchDoc)
Added Member To Class: ClassName=circuito1 Member=c136 (circuito1.SchDoc)
Added Member To Class: ClassName=circuito1 Member=c137 (circuito1.SchDoc)
Added Member To Class: ClassName=circuito1 Member=c138 (circuito1.SchDoc)
Added Member To Class: ClassName=circuito1 Member=c139 (circuito1.SchDoc)
Added Member To Class: ClassName=circuito1 Member=c140 (circuito1.SchDoc)
Added Member To Class: ClassName=circuito1 Member=c141 (circuito1.SchDoc)
Added Member To Class: ClassName=circuito1 Member=c142 (circuito1.SchDoc)
Added Member To Class: ClassName=circuito1 Member=c143 (circuito1.SchDoc)
Added Member To Class: ClassName=circuito1 Member=c144 (circuito1.SchDoc)
Added Member To Class: ClassName=circuito1 Member=c145 (circuito1.SchDoc)
Added Member To Class: ClassName=circuito1 Member=c146 (circuito1.SchDoc)
Added Member To Class: ClassName=circuito1 Member=c147 (circuito1.SchDoc)
Added Member To Class: ClassName=circuito1 Member=c148 (circuito1.SchDoc)
Added Member To Class: ClassName=circuito1 Member=c149 (circuito1.SchDoc)
Added Member To Class: ClassName=circuito1 Member=c150 (circuito1.SchDoc)
Added Member To Class: ClassName=circuito1 Member=c151 (circuito1.SchDoc)
Added Member To Class: ClassName=circuito1 Member=c152 (circuito1.SchDoc)
Added Member To Class: ClassName=circuito1 Member=c153 (circuito1.SchDoc)
Added Member To Class: ClassName=circuito1 Member=c154 (circuito1.SchDoc)
Added Member To Class: ClassName=circuito1 Member=c155 (circuito1.SchDoc)
Added Member To Class: ClassName=circuito1 Member=c156 (circuito1.SchDoc)
Added Member To Class: ClassName=circuito1 Member=c157 (circuito1.SchDoc)
Added Member To Class: ClassName=circuito1 Member=c158 (circuito1.SchDoc)
Added Member To Class: ClassName=circuito1 Member=c159 (circuito1.SchDoc)
Added Member To Class: ClassName=circuito1 Member=c160 (circuito1.SchDoc)
Added Member To Class: ClassName=circuito1 Member=c161 (circuito1.SchDoc)
Added Member To Class: ClassName=circuito1 Member=c162 (circuito1.SchDoc)
Added Member To Class: ClassName=circuito1 Member=c163 (circuito1.SchDoc)
Added Member To Class: ClassName=circuito1 Member=c164 (circuito1.SchDoc)
Added Member To Class: ClassName=circuito1 Member=c165 (circuito1.SchDoc)
Added Member To Class: ClassName=circuito1 Member=c166 (circuito1.SchDoc)
Added Member To Class: ClassName=circuito1 Member=c167 (circuito1.SchDoc)
Added Member To Class: ClassName=circuito1 Member=c168 (circuito1.SchDoc)
Added Member To Class: ClassName=circuito1 Member=c169 (circuito1.SchDoc)
Added Member To Class: ClassName=circuito1 Member=c170 (circuito1.SchDoc)
Added Member To Class: ClassName=circuito1 Member=c171 (circuito1.SchDoc)
Added Member To Class: ClassName=circuito1 Member=c172 (circuito1.SchDoc)
Added Member To Class: ClassName=circuito1 Member=c173 (circuito1.SchDoc)
Added Member To Class: ClassName=circuito1 Member=c174 (circuito1.SchDoc)
Added Member To Class: ClassName=circuito1 Member=c175 (circuito1.SchDoc)
Added Member To Class: ClassName=circuito1 Member=c176 (circuito1.SchDoc)
Added Member To Class: ClassName=circuito1 Member=c177 (circuito1.SchDoc)
Added Member To Class: ClassName=circuito1 Member=c178 (circuito1.SchDoc)
Added Member To Class: ClassName=circuito1 Member=c179 (circuito1.SchDoc)
Added Member To Class: ClassName=circuito1 Member=c180 (circuito1.SchDoc)
